

Started GET "/assets/rails.png" for 127.0.0.1 at 2015-07-23 13:27:23 -0700
Connecting to database specified by database.yml
Served asset /rails.png - 200 OK (8ms)


Started GET "/movies" for 127.0.0.1 at 2015-07-23 13:27:26 -0700
Processing by MoviesController#index as HTML
Redirected to http://localhost:3000/movies?ratings%5BG%5D=G&ratings%5BNC-17%5D=NC-17&ratings%5BPG%5D=PG&ratings%5BPG-13%5D=PG-13&ratings%5BR%5D=R&sort=release_date
Completed 302 Found in 1.7ms (ActiveRecord: 0.0ms)


Started GET "/movies?ratings%5BG%5D=G&ratings%5BNC-17%5D=NC-17&ratings%5BPG%5D=PG&ratings%5BPG-13%5D=PG-13&ratings%5BR%5D=R&sort=release_date" for 127.0.0.1 at 2015-07-23 13:27:26 -0700
Processing by MoviesController#index as HTML
  Parameters: {"ratings"=>{"G"=>"G", "NC-17"=>"NC-17", "PG"=>"PG", "PG-13"=>"PG-13", "R"=>"R"}, "sort"=>"release_date"}
  [1m[36mMovie Load (0.5ms)[0m  [1mSELECT "movies".* FROM "movies" WHERE "movies"."rating" IN ('G', 'NC-17', 'PG', 'PG-13', 'R') ORDER BY release_date[0m
  Rendered movies/index.html.haml within layouts/application (16.0ms)
Compiled application.css  (0ms)  (pid 41943)
Compiled jquery.js  (2ms)  (pid 41943)
Compiled jquery_ujs.js  (0ms)  (pid 41943)
Compiled application.js  (30ms)  (pid 41943)
Completed 200 OK in 210.8ms (Views: 151.2ms | ActiveRecord: 2.8ms)


Started GET "/assets/jquery_ujs.js?body=1" for 127.0.0.1 at 2015-07-23 13:27:27 -0700
Served asset /jquery_ujs.js - 200 OK (5ms)


Started GET "/assets/jquery.js?body=1" for 127.0.0.1 at 2015-07-23 13:27:27 -0700
Served asset /jquery.js - 200 OK (1ms)


Started GET "/assets/application.js?body=1" for 127.0.0.1 at 2015-07-23 13:27:27 -0700
Served asset /application.js - 200 OK (4ms)


Started GET "/assets/application.css?body=1" for 127.0.0.1 at 2015-07-23 13:27:27 -0700
Served asset /application.css - 200 OK (2ms)
DEPRECATION WARNING: You didn't set `secret_key_base`. Read the upgrade documentation to learn more about this new config option. (called from service at /Users/siddhantpuri/.rvm/rubies/ruby-2.2.2/lib/ruby/2.2.0/webrick/httpserver.rb:138)


Started GET "/movies?ratings%5BG%5D=G&ratings%5BNC-17%5D=NC-17&ratings%5BPG%5D=PG&ratings%5BPG-13%5D=PG-13&ratings%5BR%5D=R&sort=release_date" for ::1 at 2015-07-23 13:38:28 -0700

NoMethodError (undefined method `whitelist_attributes=' for #<Class:0x007fc3f7803a00>):
  activerecord (4.2.1) lib/active_record/dynamic_matchers.rb:26:in `method_missing'
  activerecord (4.2.1) lib/active_record/railtie.rb:108:in `block (3 levels) in <class:Railtie>'
  activerecord (4.2.1) lib/active_record/railtie.rb:107:in `each'
  activerecord (4.2.1) lib/active_record/railtie.rb:107:in `block (2 levels) in <class:Railtie>'
  activesupport (4.2.1) lib/active_support/lazy_load_hooks.rb:38:in `instance_eval'
  activesupport (4.2.1) lib/active_support/lazy_load_hooks.rb:38:in `execute_hook'
  activesupport (4.2.1) lib/active_support/lazy_load_hooks.rb:45:in `block in run_load_hooks'
  activesupport (4.2.1) lib/active_support/lazy_load_hooks.rb:44:in `each'
  activesupport (4.2.1) lib/active_support/lazy_load_hooks.rb:44:in `run_load_hooks'
  activerecord (4.2.1) lib/active_record/base.rb:316:in `<module:ActiveRecord>'
  activerecord (4.2.1) lib/active_record/base.rb:26:in `<top (required)>'
  activerecord (4.2.1) lib/active_record/connection_adapters/abstract/connection_pool.rb:656:in `rescue in call'
  activerecord (4.2.1) lib/active_record/connection_adapters/abstract/connection_pool.rb:647:in `call'
  actionpack (4.2.1) lib/action_dispatch/middleware/callbacks.rb:29:in `block in call'
  activesupport (4.2.1) lib/active_support/callbacks.rb:88:in `call'
  activesupport (4.2.1) lib/active_support/callbacks.rb:88:in `_run_callbacks'
  activesupport (4.2.1) lib/active_support/callbacks.rb:776:in `_run_call_callbacks'
  activesupport (4.2.1) lib/active_support/callbacks.rb:81:in `run_callbacks'
  actionpack (4.2.1) lib/action_dispatch/middleware/callbacks.rb:27:in `call'
  actionpack (4.2.1) lib/action_dispatch/middleware/reloader.rb:73:in `call'
  actionpack (4.2.1) lib/action_dispatch/middleware/remote_ip.rb:78:in `call'
  actionpack (4.2.1) lib/action_dispatch/middleware/debug_exceptions.rb:17:in `call'
  actionpack (4.2.1) lib/action_dispatch/middleware/show_exceptions.rb:30:in `call'
  railties (4.2.1) lib/rails/rack/logger.rb:38:in `call_app'
  railties (4.2.1) lib/rails/rack/logger.rb:20:in `block in call'
  activesupport (4.2.1) lib/active_support/tagged_logging.rb:68:in `block in tagged'
  activesupport (4.2.1) lib/active_support/tagged_logging.rb:26:in `tagged'
  activesupport (4.2.1) lib/active_support/tagged_logging.rb:68:in `tagged'
  railties (4.2.1) lib/rails/rack/logger.rb:20:in `call'
  actionpack (4.2.1) lib/action_dispatch/middleware/request_id.rb:21:in `call'
  rack (1.6.4) lib/rack/methodoverride.rb:22:in `call'
  rack (1.6.4) lib/rack/runtime.rb:18:in `call'
  activesupport (4.2.1) lib/active_support/cache/strategy/local_cache_middleware.rb:28:in `call'
  rack (1.6.4) lib/rack/lock.rb:17:in `call'
  actionpack (4.2.1) lib/action_dispatch/middleware/static.rb:113:in `call'
  rack (1.6.4) lib/rack/sendfile.rb:113:in `call'
  railties (4.2.1) lib/rails/engine.rb:518:in `call'
  railties (4.2.1) lib/rails/application.rb:164:in `call'
  rack (1.6.4) lib/rack/lock.rb:17:in `call'
  rack (1.6.4) lib/rack/content_length.rb:15:in `call'
  rack (1.6.4) lib/rack/handler/webrick.rb:88:in `service'
  /Users/siddhantpuri/.rvm/rubies/ruby-2.2.2/lib/ruby/2.2.0/webrick/httpserver.rb:138:in `service'
  /Users/siddhantpuri/.rvm/rubies/ruby-2.2.2/lib/ruby/2.2.0/webrick/httpserver.rb:94:in `run'
  /Users/siddhantpuri/.rvm/rubies/ruby-2.2.2/lib/ruby/2.2.0/webrick/server.rb:294:in `block in start_thread'


  Rendered /Users/siddhantpuri/.rvm/gems/ruby-2.2.2/gems/actionpack-4.2.1/lib/action_dispatch/middleware/templates/rescues/_source.erb (3.0ms)
  Rendered /Users/siddhantpuri/.rvm/gems/ruby-2.2.2/gems/actionpack-4.2.1/lib/action_dispatch/middleware/templates/rescues/_trace.html.erb (1.6ms)
  Rendered /Users/siddhantpuri/.rvm/gems/ruby-2.2.2/gems/actionpack-4.2.1/lib/action_dispatch/middleware/templates/rescues/_request_and_response.html.erb (1.7ms)
  Rendered /Users/siddhantpuri/.rvm/gems/ruby-2.2.2/gems/actionpack-4.2.1/lib/action_dispatch/middleware/templates/rescues/diagnostics.html.erb within rescues/layout (67.5ms)
DEPRECATION WARNING: You didn't set `secret_key_base`. Read the upgrade documentation to learn more about this new config option. (called from service at /Users/siddhantpuri/.rvm/rubies/ruby-2.2.2/lib/ruby/2.2.0/webrick/httpserver.rb:138)


Started GET "/movies?ratings%5BG%5D=G&ratings%5BNC-17%5D=NC-17&ratings%5BPG%5D=PG&ratings%5BPG-13%5D=PG-13&ratings%5BR%5D=R&sort=release_date" for ::1 at 2015-07-23 13:39:49 -0700
Processing by MoviesController#index as HTML
  Parameters: {"ratings"=>{"G"=>"G", "NC-17"=>"NC-17", "PG"=>"PG", "PG-13"=>"PG-13", "R"=>"R"}, "sort"=>"release_date"}
Completed 500 Internal Server Error in 47ms (ActiveRecord: 1.6ms)

NoMethodError (undefined method `attr_accessible' for #<Class:0x007fc5e1841760>):
  app/models/movie.rb:2:in `<class:Movie>'
  app/models/movie.rb:1:in `<top (required)>'
  app/controllers/movies_controller.rb:17:in `index'


  Rendered /Users/siddhantpuri/.rvm/gems/ruby-2.2.2/gems/actionpack-4.2.1/lib/action_dispatch/middleware/templates/rescues/_source.erb (8.1ms)
  Rendered /Users/siddhantpuri/.rvm/gems/ruby-2.2.2/gems/actionpack-4.2.1/lib/action_dispatch/middleware/templates/rescues/_trace.html.erb (2.4ms)
  Rendered /Users/siddhantpuri/.rvm/gems/ruby-2.2.2/gems/actionpack-4.2.1/lib/action_dispatch/middleware/templates/rescues/_request_and_response.html.erb (4.3ms)
  Rendered /Users/siddhantpuri/.rvm/gems/ruby-2.2.2/gems/actionpack-4.2.1/lib/action_dispatch/middleware/templates/rescues/diagnostics.html.erb within rescues/layout (74.3ms)


Started GET "/movies?ratings%5BG%5D=G&ratings%5BNC-17%5D=NC-17&ratings%5BPG%5D=PG&ratings%5BPG-13%5D=PG-13&ratings%5BR%5D=R&sort=release_date" for ::1 at 2015-07-23 13:39:50 -0700
Processing by MoviesController#index as HTML
  Parameters: {"ratings"=>{"G"=>"G", "NC-17"=>"NC-17", "PG"=>"PG", "PG-13"=>"PG-13", "R"=>"R"}, "sort"=>"release_date"}
Completed 500 Internal Server Error in 3ms (ActiveRecord: 0.0ms)

NoMethodError (undefined method `attr_accessible' for #<Class:0x007fc5e59a3730>):
  app/models/movie.rb:2:in `<class:Movie>'
  app/models/movie.rb:1:in `<top (required)>'
  app/controllers/movies_controller.rb:17:in `index'


  Rendered /Users/siddhantpuri/.rvm/gems/ruby-2.2.2/gems/actionpack-4.2.1/lib/action_dispatch/middleware/templates/rescues/_source.erb (5.3ms)
  Rendered /Users/siddhantpuri/.rvm/gems/ruby-2.2.2/gems/actionpack-4.2.1/lib/action_dispatch/middleware/templates/rescues/_trace.html.erb (3.8ms)
  Rendered /Users/siddhantpuri/.rvm/gems/ruby-2.2.2/gems/actionpack-4.2.1/lib/action_dispatch/middleware/templates/rescues/_request_and_response.html.erb (2.9ms)
  Rendered /Users/siddhantpuri/.rvm/gems/ruby-2.2.2/gems/actionpack-4.2.1/lib/action_dispatch/middleware/templates/rescues/diagnostics.html.erb within rescues/layout (69.0ms)


Started GET "/movies?ratings%5BG%5D=G&ratings%5BNC-17%5D=NC-17&ratings%5BPG%5D=PG&ratings%5BPG-13%5D=PG-13&ratings%5BR%5D=R&sort=release_date" for ::1 at 2015-07-23 13:39:50 -0700
Processing by MoviesController#index as HTML
  Parameters: {"ratings"=>{"G"=>"G", "NC-17"=>"NC-17", "PG"=>"PG", "PG-13"=>"PG-13", "R"=>"R"}, "sort"=>"release_date"}
Completed 500 Internal Server Error in 3ms (ActiveRecord: 0.3ms)

NoMethodError (undefined method `attr_accessible' for #<Class:0x007fc5e50a1a60>):
  app/models/movie.rb:2:in `<class:Movie>'
  app/models/movie.rb:1:in `<top (required)>'
  app/controllers/movies_controller.rb:17:in `index'


  Rendered /Users/siddhantpuri/.rvm/gems/ruby-2.2.2/gems/actionpack-4.2.1/lib/action_dispatch/middleware/templates/rescues/_source.erb (7.5ms)
  Rendered /Users/siddhantpuri/.rvm/gems/ruby-2.2.2/gems/actionpack-4.2.1/lib/action_dispatch/middleware/templates/rescues/_trace.html.erb (2.2ms)
  Rendered /Users/siddhantpuri/.rvm/gems/ruby-2.2.2/gems/actionpack-4.2.1/lib/action_dispatch/middleware/templates/rescues/_request_and_response.html.erb (2.0ms)
  Rendered /Users/siddhantpuri/.rvm/gems/ruby-2.2.2/gems/actionpack-4.2.1/lib/action_dispatch/middleware/templates/rescues/diagnostics.html.erb within rescues/layout (63.1ms)
DEPRECATION WARNING: You didn't set `secret_key_base`. Read the upgrade documentation to learn more about this new config option. (called from service at /Users/siddhantpuri/.rvm/rubies/ruby-2.2.2/lib/ruby/2.2.0/webrick/httpserver.rb:138)


Started GET "/movies?ratings%5BG%5D=G&ratings%5BNC-17%5D=NC-17&ratings%5BPG%5D=PG&ratings%5BPG-13%5D=PG-13&ratings%5BR%5D=R&sort=release_date" for ::1 at 2015-07-23 13:43:45 -0700
Processing by MoviesController#index as HTML
  Parameters: {"ratings"=>{"G"=>"G", "NC-17"=>"NC-17", "PG"=>"PG", "PG-13"=>"PG-13", "R"=>"R"}, "sort"=>"release_date"}
Completed 500 Internal Server Error in 13ms (ActiveRecord: 0.0ms)

NoMethodError (undefined method `find_all_by_rating' for #<Class:0x007f97c7ac2f68>):
  app/controllers/movies_controller.rb:29:in `index'


  Rendered /Users/siddhantpuri/.rvm/gems/ruby-2.2.2/gems/actionpack-4.2.1/lib/action_dispatch/middleware/templates/rescues/_source.erb (8.6ms)
  Rendered /Users/siddhantpuri/.rvm/gems/ruby-2.2.2/gems/actionpack-4.2.1/lib/action_dispatch/middleware/templates/rescues/_trace.html.erb (2.7ms)
  Rendered /Users/siddhantpuri/.rvm/gems/ruby-2.2.2/gems/actionpack-4.2.1/lib/action_dispatch/middleware/templates/rescues/_request_and_response.html.erb (2.0ms)
  Rendered /Users/siddhantpuri/.rvm/gems/ruby-2.2.2/gems/actionpack-4.2.1/lib/action_dispatch/middleware/templates/rescues/diagnostics.html.erb within rescues/layout (69.9ms)


Started GET "/movies?ratings%5BG%5D=G&ratings%5BNC-17%5D=NC-17&ratings%5BPG%5D=PG&ratings%5BPG-13%5D=PG-13&ratings%5BR%5D=R&sort=release_date" for ::1 at 2015-07-23 13:50:38 -0700
Processing by MoviesController#index as HTML
  Parameters: {"ratings"=>{"G"=>"G", "NC-17"=>"NC-17", "PG"=>"PG", "PG-13"=>"PG-13", "R"=>"R"}, "sort"=>"release_date"}
Completed 500 Internal Server Error in 16ms (ActiveRecord: 0.0ms)

NoMethodError (undefined method `find_all_by_rating' for #<Class:0x007ff3af85a3b8>):
  app/controllers/movies_controller.rb:29:in `index'


  Rendered /Users/siddhantpuri/.rvm/gems/ruby-2.2.2/gems/actionpack-4.2.1/lib/action_dispatch/middleware/templates/rescues/_source.erb (4.0ms)
  Rendered /Users/siddhantpuri/.rvm/gems/ruby-2.2.2/gems/actionpack-4.2.1/lib/action_dispatch/middleware/templates/rescues/_trace.html.erb (2.9ms)
  Rendered /Users/siddhantpuri/.rvm/gems/ruby-2.2.2/gems/actionpack-4.2.1/lib/action_dispatch/middleware/templates/rescues/_request_and_response.html.erb (1.0ms)
  Rendered /Users/siddhantpuri/.rvm/gems/ruby-2.2.2/gems/actionpack-4.2.1/lib/action_dispatch/middleware/templates/rescues/diagnostics.html.erb within rescues/layout (70.4ms)


Started GET "/movies?ratings%5BG%5D=G&ratings%5BNC-17%5D=NC-17&ratings%5BPG%5D=PG&ratings%5BPG-13%5D=PG-13&ratings%5BR%5D=R&sort=release_date" for ::1 at 2015-07-23 13:50:39 -0700
Processing by MoviesController#index as HTML
  Parameters: {"ratings"=>{"G"=>"G", "NC-17"=>"NC-17", "PG"=>"PG", "PG-13"=>"PG-13", "R"=>"R"}, "sort"=>"release_date"}
Completed 500 Internal Server Error in 1ms (ActiveRecord: 0.0ms)

NoMethodError (undefined method `find_all_by_rating' for #<Class:0x007ff3af85a3b8>):
  app/controllers/movies_controller.rb:29:in `index'


  Rendered /Users/siddhantpuri/.rvm/gems/ruby-2.2.2/gems/actionpack-4.2.1/lib/action_dispatch/middleware/templates/rescues/_source.erb (4.6ms)
  Rendered /Users/siddhantpuri/.rvm/gems/ruby-2.2.2/gems/actionpack-4.2.1/lib/action_dispatch/middleware/templates/rescues/_trace.html.erb (3.0ms)
  Rendered /Users/siddhantpuri/.rvm/gems/ruby-2.2.2/gems/actionpack-4.2.1/lib/action_dispatch/middleware/templates/rescues/_request_and_response.html.erb (1.1ms)
  Rendered /Users/siddhantpuri/.rvm/gems/ruby-2.2.2/gems/actionpack-4.2.1/lib/action_dispatch/middleware/templates/rescues/diagnostics.html.erb within rescues/layout (60.8ms)


Started GET "/movies?ratings%5BG%5D=G&ratings%5BNC-17%5D=NC-17&ratings%5BPG%5D=PG&ratings%5BPG-13%5D=PG-13&ratings%5BR%5D=R&sort=release_date" for ::1 at 2015-07-23 13:50:40 -0700
Processing by MoviesController#index as HTML
  Parameters: {"ratings"=>{"G"=>"G", "NC-17"=>"NC-17", "PG"=>"PG", "PG-13"=>"PG-13", "R"=>"R"}, "sort"=>"release_date"}
Completed 500 Internal Server Error in 10ms (ActiveRecord: 0.0ms)

NoMethodError (undefined method `find_all_by_rating' for #<Class:0x007ff3af85a3b8>):
  app/controllers/movies_controller.rb:29:in `index'


  Rendered /Users/siddhantpuri/.rvm/gems/ruby-2.2.2/gems/actionpack-4.2.1/lib/action_dispatch/middleware/templates/rescues/_source.erb (7.0ms)
  Rendered /Users/siddhantpuri/.rvm/gems/ruby-2.2.2/gems/actionpack-4.2.1/lib/action_dispatch/middleware/templates/rescues/_trace.html.erb (9.0ms)
  Rendered /Users/siddhantpuri/.rvm/gems/ruby-2.2.2/gems/actionpack-4.2.1/lib/action_dispatch/middleware/templates/rescues/_request_and_response.html.erb (1.9ms)
  Rendered /Users/siddhantpuri/.rvm/gems/ruby-2.2.2/gems/actionpack-4.2.1/lib/action_dispatch/middleware/templates/rescues/diagnostics.html.erb within rescues/layout (98.5ms)


Started GET "/movies?ratings%5BG%5D=G&ratings%5BNC-17%5D=NC-17&ratings%5BPG%5D=PG&ratings%5BPG-13%5D=PG-13&ratings%5BR%5D=R&sort=release_date" for ::1 at 2015-07-23 13:54:49 -0700
Processing by MoviesController#index as HTML
  Parameters: {"ratings"=>{"G"=>"G", "NC-17"=>"NC-17", "PG"=>"PG", "PG-13"=>"PG-13", "R"=>"R"}, "sort"=>"release_date"}
Completed 500 Internal Server Error in 10ms (ActiveRecord: 0.0ms)

ArgumentError (Direction "release_date" is invalid. Valid directions are: [:asc, :desc, :ASC, :DESC, "asc", "desc", "ASC", "DESC"]):
  app/controllers/movies_controller.rb:29:in `index'


  Rendered /Users/siddhantpuri/.rvm/gems/ruby-2.2.2/gems/actionpack-4.2.1/lib/action_dispatch/middleware/templates/rescues/_source.erb (4.5ms)
  Rendered /Users/siddhantpuri/.rvm/gems/ruby-2.2.2/gems/actionpack-4.2.1/lib/action_dispatch/middleware/templates/rescues/_trace.html.erb (2.0ms)
  Rendered /Users/siddhantpuri/.rvm/gems/ruby-2.2.2/gems/actionpack-4.2.1/lib/action_dispatch/middleware/templates/rescues/_request_and_response.html.erb (1.4ms)
  Rendered /Users/siddhantpuri/.rvm/gems/ruby-2.2.2/gems/actionpack-4.2.1/lib/action_dispatch/middleware/templates/rescues/diagnostics.html.erb within rescues/layout (67.0ms)


Started GET "/movies?ratings%5BG%5D=G&ratings%5BNC-17%5D=NC-17&ratings%5BPG%5D=PG&ratings%5BPG-13%5D=PG-13&ratings%5BR%5D=R&sort=release_date" for ::1 at 2015-07-23 13:55:09 -0700
Processing by MoviesController#index as HTML
  Parameters: {"ratings"=>{"G"=>"G", "NC-17"=>"NC-17", "PG"=>"PG", "PG-13"=>"PG-13", "R"=>"R"}, "sort"=>"release_date"}
Completed 500 Internal Server Error in 2ms (ActiveRecord: 0.0ms)

ArgumentError (Direction "release_date" is invalid. Valid directions are: [:asc, :desc, :ASC, :DESC, "asc", "desc", "ASC", "DESC"]):
  app/controllers/movies_controller.rb:29:in `index'


  Rendered /Users/siddhantpuri/.rvm/gems/ruby-2.2.2/gems/actionpack-4.2.1/lib/action_dispatch/middleware/templates/rescues/_source.erb (4.6ms)
  Rendered /Users/siddhantpuri/.rvm/gems/ruby-2.2.2/gems/actionpack-4.2.1/lib/action_dispatch/middleware/templates/rescues/_trace.html.erb (1.9ms)
  Rendered /Users/siddhantpuri/.rvm/gems/ruby-2.2.2/gems/actionpack-4.2.1/lib/action_dispatch/middleware/templates/rescues/_request_and_response.html.erb (0.9ms)
  Rendered /Users/siddhantpuri/.rvm/gems/ruby-2.2.2/gems/actionpack-4.2.1/lib/action_dispatch/middleware/templates/rescues/diagnostics.html.erb within rescues/layout (65.4ms)


Started GET "/movies?ratings%5BG%5D=G&ratings%5BNC-17%5D=NC-17&ratings%5BPG%5D=PG&ratings%5BPG-13%5D=PG-13&ratings%5BR%5D=R&sort=release_date" for ::1 at 2015-07-23 13:55:10 -0700
Processing by MoviesController#index as HTML
  Parameters: {"ratings"=>{"G"=>"G", "NC-17"=>"NC-17", "PG"=>"PG", "PG-13"=>"PG-13", "R"=>"R"}, "sort"=>"release_date"}
Completed 500 Internal Server Error in 1ms (ActiveRecord: 0.0ms)

ArgumentError (Direction "release_date" is invalid. Valid directions are: [:asc, :desc, :ASC, :DESC, "asc", "desc", "ASC", "DESC"]):
  app/controllers/movies_controller.rb:29:in `index'


  Rendered /Users/siddhantpuri/.rvm/gems/ruby-2.2.2/gems/actionpack-4.2.1/lib/action_dispatch/middleware/templates/rescues/_source.erb (4.1ms)
  Rendered /Users/siddhantpuri/.rvm/gems/ruby-2.2.2/gems/actionpack-4.2.1/lib/action_dispatch/middleware/templates/rescues/_trace.html.erb (2.0ms)
  Rendered /Users/siddhantpuri/.rvm/gems/ruby-2.2.2/gems/actionpack-4.2.1/lib/action_dispatch/middleware/templates/rescues/_request_and_response.html.erb (2.3ms)
  Rendered /Users/siddhantpuri/.rvm/gems/ruby-2.2.2/gems/actionpack-4.2.1/lib/action_dispatch/middleware/templates/rescues/diagnostics.html.erb within rescues/layout (61.3ms)


Started GET "/movies?ratings%5BG%5D=G&ratings%5BNC-17%5D=NC-17&ratings%5BPG%5D=PG&ratings%5BPG-13%5D=PG-13&ratings%5BR%5D=R&sort=release_date" for ::1 at 2015-07-23 13:55:10 -0700
Processing by MoviesController#index as HTML
  Parameters: {"ratings"=>{"G"=>"G", "NC-17"=>"NC-17", "PG"=>"PG", "PG-13"=>"PG-13", "R"=>"R"}, "sort"=>"release_date"}
Completed 500 Internal Server Error in 2ms (ActiveRecord: 0.0ms)

ArgumentError (Direction "release_date" is invalid. Valid directions are: [:asc, :desc, :ASC, :DESC, "asc", "desc", "ASC", "DESC"]):
  app/controllers/movies_controller.rb:29:in `index'


  Rendered /Users/siddhantpuri/.rvm/gems/ruby-2.2.2/gems/actionpack-4.2.1/lib/action_dispatch/middleware/templates/rescues/_source.erb (4.2ms)
  Rendered /Users/siddhantpuri/.rvm/gems/ruby-2.2.2/gems/actionpack-4.2.1/lib/action_dispatch/middleware/templates/rescues/_trace.html.erb (8.4ms)
  Rendered /Users/siddhantpuri/.rvm/gems/ruby-2.2.2/gems/actionpack-4.2.1/lib/action_dispatch/middleware/templates/rescues/_request_and_response.html.erb (0.9ms)
  Rendered /Users/siddhantpuri/.rvm/gems/ruby-2.2.2/gems/actionpack-4.2.1/lib/action_dispatch/middleware/templates/rescues/diagnostics.html.erb within rescues/layout (66.0ms)


Started GET "/movies?ratings%5BG%5D=G&ratings%5BNC-17%5D=NC-17&ratings%5BPG%5D=PG&ratings%5BPG-13%5D=PG-13&ratings%5BR%5D=R&sort=release_date" for ::1 at 2015-07-23 13:55:37 -0700
Processing by MoviesController#index as HTML
  Parameters: {"ratings"=>{"G"=>"G", "NC-17"=>"NC-17", "PG"=>"PG", "PG-13"=>"PG-13", "R"=>"R"}, "sort"=>"release_date"}
  [1m[36mMovie Load (0.2ms)[0m  [1mSELECT "movies".* FROM "movies" WHERE "movies"."raing" IN ('G', 'NC-17', 'PG', 'PG-13', 'R')  ORDER BY "movies"."release_date" ASC[0m
SQLite3::SQLException: no such column: movies.raing: SELECT "movies".* FROM "movies" WHERE "movies"."raing" IN ('G', 'NC-17', 'PG', 'PG-13', 'R')  ORDER BY "movies"."release_date" ASC
  Rendered movies/index.html.haml within layouts/application (16.5ms)
Completed 500 Internal Server Error in 26ms (ActiveRecord: 0.7ms)

ActionView::Template::Error (SQLite3::SQLException: no such column: movies.raing: SELECT "movies".* FROM "movies" WHERE "movies"."raing" IN ('G', 'NC-17', 'PG', 'PG-13', 'R')  ORDER BY "movies"."release_date" ASC):
    18:       %th{:class => @date_header}= link_to 'Release Date', movies_path(:sort => 'release_date', :ratings => @selected_ratings), :id => 'release_date_header'
    19:       %th More Info
    20:   %tbody
    21:     - @movies.each do |movie|
    22:       %tr
    23:         %td= movie.title 
    24:         %td= movie.rating
  app/views/movies/index.html.haml:21:in `_app_views_movies_index_html_haml___2393803234402044519_70342312905280'


  Rendered /Users/siddhantpuri/.rvm/gems/ruby-2.2.2/gems/actionpack-4.2.1/lib/action_dispatch/middleware/templates/rescues/_source.erb (6.9ms)
  Rendered /Users/siddhantpuri/.rvm/gems/ruby-2.2.2/gems/actionpack-4.2.1/lib/action_dispatch/middleware/templates/rescues/_trace.html.erb (6.0ms)
  Rendered /Users/siddhantpuri/.rvm/gems/ruby-2.2.2/gems/actionpack-4.2.1/lib/action_dispatch/middleware/templates/rescues/_request_and_response.html.erb (1.7ms)
  Rendered /Users/siddhantpuri/.rvm/gems/ruby-2.2.2/gems/actionpack-4.2.1/lib/action_dispatch/middleware/templates/rescues/template_error.html.erb within rescues/layout (69.7ms)
  [1m[36mActiveRecord::SchemaMigration Load (0.1ms)[0m  [1mSELECT "schema_migrations".* FROM "schema_migrations"[0m
  [1m[35mActiveRecord::SchemaMigration Load (0.1ms)[0m  SELECT "schema_migrations".* FROM "schema_migrations"
  [1m[36mActiveRecord::SchemaMigration Load (0.1ms)[0m  [1mSELECT "schema_migrations".* FROM "schema_migrations"[0m
  [1m[35m (0.1ms)[0m  begin transaction
  [1m[36mSQL (1.4ms)[0m  [1mINSERT INTO "movies" ("title", "rating", "release_date", "created_at", "updated_at") VALUES (?, ?, ?, ?, ?)[0m  [["title", "Aladdin"], ["rating", "G"], ["release_date", "1992-11-25 00:00:00.000000"], ["created_at", "2015-07-23 20:56:17.941173"], ["updated_at", "2015-07-23 20:56:17.941173"]]
  [1m[35m (0.9ms)[0m  commit transaction
  [1m[36m (0.1ms)[0m  [1mbegin transaction[0m
  [1m[35mSQL (0.4ms)[0m  INSERT INTO "movies" ("title", "rating", "release_date", "created_at", "updated_at") VALUES (?, ?, ?, ?, ?)  [["title", "The Terminator"], ["rating", "R"], ["release_date", "1984-10-26 00:00:00.000000"], ["created_at", "2015-07-23 20:56:17.950814"], ["updated_at", "2015-07-23 20:56:17.950814"]]
  [1m[36m (1.0ms)[0m  [1mcommit transaction[0m
  [1m[35m (0.1ms)[0m  begin transaction
  [1m[36mSQL (0.4ms)[0m  [1mINSERT INTO "movies" ("title", "rating", "release_date", "created_at", "updated_at") VALUES (?, ?, ?, ?, ?)[0m  [["title", "When Harry Met Sally"], ["rating", "R"], ["release_date", "1989-07-21 00:00:00.000000"], ["created_at", "2015-07-23 20:56:17.954874"], ["updated_at", "2015-07-23 20:56:17.954874"]]
  [1m[35m (1.0ms)[0m  commit transaction
  [1m[36m (0.1ms)[0m  [1mbegin transaction[0m
  [1m[35mSQL (0.2ms)[0m  INSERT INTO "movies" ("title", "rating", "release_date", "created_at", "updated_at") VALUES (?, ?, ?, ?, ?)  [["title", "The Help"], ["rating", "PG-13"], ["release_date", "2011-08-10 00:00:00.000000"], ["created_at", "2015-07-23 20:56:17.959412"], ["updated_at", "2015-07-23 20:56:17.959412"]]
  [1m[36m (0.6ms)[0m  [1mcommit transaction[0m
  [1m[35m (0.1ms)[0m  begin transaction
  [1m[36mSQL (0.3ms)[0m  [1mINSERT INTO "movies" ("title", "rating", "release_date", "created_at", "updated_at") VALUES (?, ?, ?, ?, ?)[0m  [["title", "Chocolat"], ["rating", "PG-13"], ["release_date", "2001-01-05 00:00:00.000000"], ["created_at", "2015-07-23 20:56:17.962009"], ["updated_at", "2015-07-23 20:56:17.962009"]]
  [1m[35m (0.7ms)[0m  commit transaction
  [1m[36m (0.0ms)[0m  [1mbegin transaction[0m
  [1m[35mSQL (0.3ms)[0m  INSERT INTO "movies" ("title", "rating", "release_date", "created_at", "updated_at") VALUES (?, ?, ?, ?, ?)  [["title", "Amelie"], ["rating", "R"], ["release_date", "2001-04-25 00:00:00.000000"], ["created_at", "2015-07-23 20:56:17.964574"], ["updated_at", "2015-07-23 20:56:17.964574"]]
  [1m[36m (0.7ms)[0m  [1mcommit transaction[0m
  [1m[35m (0.1ms)[0m  begin transaction
  [1m[36mSQL (0.2ms)[0m  [1mINSERT INTO "movies" ("title", "rating", "release_date", "created_at", "updated_at") VALUES (?, ?, ?, ?, ?)[0m  [["title", "2001: A Space Odyssey"], ["rating", "G"], ["release_date", "1968-04-06 00:00:00.000000"], ["created_at", "2015-07-23 20:56:17.967046"], ["updated_at", "2015-07-23 20:56:17.967046"]]
  [1m[35m (0.6ms)[0m  commit transaction
  [1m[36m (0.1ms)[0m  [1mbegin transaction[0m
  [1m[35mSQL (0.2ms)[0m  INSERT INTO "movies" ("title", "rating", "release_date", "created_at", "updated_at") VALUES (?, ?, ?, ?, ?)  [["title", "The Incredibles"], ["rating", "PG"], ["release_date", "2004-11-05 00:00:00.000000"], ["created_at", "2015-07-23 20:56:17.969312"], ["updated_at", "2015-07-23 20:56:17.969312"]]
  [1m[36m (0.6ms)[0m  [1mcommit transaction[0m
  [1m[35m (0.1ms)[0m  begin transaction
  [1m[36mSQL (0.2ms)[0m  [1mINSERT INTO "movies" ("title", "rating", "release_date", "created_at", "updated_at") VALUES (?, ?, ?, ?, ?)[0m  [["title", "Raiders of the Lost Ark"], ["rating", "PG"], ["release_date", "1981-06-12 00:00:00.000000"], ["created_at", "2015-07-23 20:56:17.971769"], ["updated_at", "2015-07-23 20:56:17.971769"]]
  [1m[35m (0.7ms)[0m  commit transaction
  [1m[36m (0.0ms)[0m  [1mbegin transaction[0m
  [1m[35mSQL (0.2ms)[0m  INSERT INTO "movies" ("title", "rating", "release_date", "created_at", "updated_at") VALUES (?, ?, ?, ?, ?)  [["title", "Chicken Run"], ["rating", "G"], ["release_date", "2000-06-21 00:00:00.000000"], ["created_at", "2015-07-23 20:56:17.973961"], ["updated_at", "2015-07-23 20:56:17.973961"]]
  [1m[36m (0.6ms)[0m  [1mcommit transaction[0m


Started GET "/movies?ratings%5BG%5D=G&ratings%5BNC-17%5D=NC-17&ratings%5BPG%5D=PG&ratings%5BPG-13%5D=PG-13&ratings%5BR%5D=R&sort=release_date" for ::1 at 2015-07-23 13:56:27 -0700
Processing by MoviesController#index as HTML
  Parameters: {"ratings"=>{"G"=>"G", "NC-17"=>"NC-17", "PG"=>"PG", "PG-13"=>"PG-13", "R"=>"R"}, "sort"=>"release_date"}
  [1m[36mMovie Load (0.5ms)[0m  [1mSELECT "movies".* FROM "movies" WHERE "movies"."raing" IN ('G', 'NC-17', 'PG', 'PG-13', 'R')  ORDER BY "movies"."release_date" ASC[0m
SQLite3::SQLException: no such column: movies.raing: SELECT "movies".* FROM "movies" WHERE "movies"."raing" IN ('G', 'NC-17', 'PG', 'PG-13', 'R')  ORDER BY "movies"."release_date" ASC
  Rendered movies/index.html.haml within layouts/application (18.9ms)
Completed 500 Internal Server Error in 42ms (ActiveRecord: 2.1ms)

ActionView::Template::Error (SQLite3::SQLException: no such column: movies.raing: SELECT "movies".* FROM "movies" WHERE "movies"."raing" IN ('G', 'NC-17', 'PG', 'PG-13', 'R')  ORDER BY "movies"."release_date" ASC):
    18:       %th{:class => @date_header}= link_to 'Release Date', movies_path(:sort => 'release_date', :ratings => @selected_ratings), :id => 'release_date_header'
    19:       %th More Info
    20:   %tbody
    21:     - @movies.each do |movie|
    22:       %tr
    23:         %td= movie.title 
    24:         %td= movie.rating
  app/views/movies/index.html.haml:21:in `_app_views_movies_index_html_haml__3867729511746276783_70131320677280'


  Rendered /Users/siddhantpuri/.rvm/gems/ruby-2.2.2/gems/actionpack-4.2.1/lib/action_dispatch/middleware/templates/rescues/_source.erb (11.4ms)
  Rendered /Users/siddhantpuri/.rvm/gems/ruby-2.2.2/gems/actionpack-4.2.1/lib/action_dispatch/middleware/templates/rescues/_trace.html.erb (21.3ms)
  Rendered /Users/siddhantpuri/.rvm/gems/ruby-2.2.2/gems/actionpack-4.2.1/lib/action_dispatch/middleware/templates/rescues/_request_and_response.html.erb (0.9ms)
  Rendered /Users/siddhantpuri/.rvm/gems/ruby-2.2.2/gems/actionpack-4.2.1/lib/action_dispatch/middleware/templates/rescues/template_error.html.erb within rescues/layout (83.1ms)


Started GET "/movies?ratings%5BG%5D=G&ratings%5BNC-17%5D=NC-17&ratings%5BPG%5D=PG&ratings%5BPG-13%5D=PG-13&ratings%5BR%5D=R&sort=release_date" for ::1 at 2015-07-23 13:56:28 -0700
Processing by MoviesController#index as HTML
  Parameters: {"ratings"=>{"G"=>"G", "NC-17"=>"NC-17", "PG"=>"PG", "PG-13"=>"PG-13", "R"=>"R"}, "sort"=>"release_date"}
  [1m[35mMovie Load (0.3ms)[0m  SELECT "movies".* FROM "movies" WHERE "movies"."raing" IN ('G', 'NC-17', 'PG', 'PG-13', 'R')  ORDER BY "movies"."release_date" ASC
SQLite3::SQLException: no such column: movies.raing: SELECT "movies".* FROM "movies" WHERE "movies"."raing" IN ('G', 'NC-17', 'PG', 'PG-13', 'R')  ORDER BY "movies"."release_date" ASC
  Rendered movies/index.html.haml within layouts/application (3.0ms)
Completed 500 Internal Server Error in 7ms (ActiveRecord: 0.3ms)

ActionView::Template::Error (SQLite3::SQLException: no such column: movies.raing: SELECT "movies".* FROM "movies" WHERE "movies"."raing" IN ('G', 'NC-17', 'PG', 'PG-13', 'R')  ORDER BY "movies"."release_date" ASC):
    18:       %th{:class => @date_header}= link_to 'Release Date', movies_path(:sort => 'release_date', :ratings => @selected_ratings), :id => 'release_date_header'
    19:       %th More Info
    20:   %tbody
    21:     - @movies.each do |movie|
    22:       %tr
    23:         %td= movie.title 
    24:         %td= movie.rating
  app/views/movies/index.html.haml:21:in `_app_views_movies_index_html_haml__3867729511746276783_70131320677280'


  Rendered /Users/siddhantpuri/.rvm/gems/ruby-2.2.2/gems/actionpack-4.2.1/lib/action_dispatch/middleware/templates/rescues/_source.erb (10.5ms)
  Rendered /Users/siddhantpuri/.rvm/gems/ruby-2.2.2/gems/actionpack-4.2.1/lib/action_dispatch/middleware/templates/rescues/_trace.html.erb (2.6ms)
  Rendered /Users/siddhantpuri/.rvm/gems/ruby-2.2.2/gems/actionpack-4.2.1/lib/action_dispatch/middleware/templates/rescues/_request_and_response.html.erb (1.2ms)
  Rendered /Users/siddhantpuri/.rvm/gems/ruby-2.2.2/gems/actionpack-4.2.1/lib/action_dispatch/middleware/templates/rescues/template_error.html.erb within rescues/layout (65.0ms)


Started GET "/movies?ratings%5BG%5D=G&ratings%5BNC-17%5D=NC-17&ratings%5BPG%5D=PG&ratings%5BPG-13%5D=PG-13&ratings%5BR%5D=R&sort=release_date" for ::1 at 2015-07-23 13:56:29 -0700
Processing by MoviesController#index as HTML
  Parameters: {"ratings"=>{"G"=>"G", "NC-17"=>"NC-17", "PG"=>"PG", "PG-13"=>"PG-13", "R"=>"R"}, "sort"=>"release_date"}
  [1m[36mMovie Load (0.3ms)[0m  [1mSELECT "movies".* FROM "movies" WHERE "movies"."raing" IN ('G', 'NC-17', 'PG', 'PG-13', 'R')  ORDER BY "movies"."release_date" ASC[0m
SQLite3::SQLException: no such column: movies.raing: SELECT "movies".* FROM "movies" WHERE "movies"."raing" IN ('G', 'NC-17', 'PG', 'PG-13', 'R')  ORDER BY "movies"."release_date" ASC
  Rendered movies/index.html.haml within layouts/application (3.4ms)
Completed 500 Internal Server Error in 8ms (ActiveRecord: 0.3ms)

ActionView::Template::Error (SQLite3::SQLException: no such column: movies.raing: SELECT "movies".* FROM "movies" WHERE "movies"."raing" IN ('G', 'NC-17', 'PG', 'PG-13', 'R')  ORDER BY "movies"."release_date" ASC):
    18:       %th{:class => @date_header}= link_to 'Release Date', movies_path(:sort => 'release_date', :ratings => @selected_ratings), :id => 'release_date_header'
    19:       %th More Info
    20:   %tbody
    21:     - @movies.each do |movie|
    22:       %tr
    23:         %td= movie.title 
    24:         %td= movie.rating
  app/views/movies/index.html.haml:21:in `_app_views_movies_index_html_haml__3867729511746276783_70131320677280'


  Rendered /Users/siddhantpuri/.rvm/gems/ruby-2.2.2/gems/actionpack-4.2.1/lib/action_dispatch/middleware/templates/rescues/_source.erb (7.6ms)
  Rendered /Users/siddhantpuri/.rvm/gems/ruby-2.2.2/gems/actionpack-4.2.1/lib/action_dispatch/middleware/templates/rescues/_trace.html.erb (2.8ms)
  Rendered /Users/siddhantpuri/.rvm/gems/ruby-2.2.2/gems/actionpack-4.2.1/lib/action_dispatch/middleware/templates/rescues/_request_and_response.html.erb (0.9ms)
  Rendered /Users/siddhantpuri/.rvm/gems/ruby-2.2.2/gems/actionpack-4.2.1/lib/action_dispatch/middleware/templates/rescues/template_error.html.erb within rescues/layout (65.0ms)


Started GET "/movies?ratings%5BG%5D=G&ratings%5BNC-17%5D=NC-17&ratings%5BPG%5D=PG&ratings%5BPG-13%5D=PG-13&ratings%5BR%5D=R&sort=release_date" for ::1 at 2015-07-23 13:57:10 -0700
Processing by MoviesController#index as HTML
  Parameters: {"ratings"=>{"G"=>"G", "NC-17"=>"NC-17", "PG"=>"PG", "PG-13"=>"PG-13", "R"=>"R"}, "sort"=>"release_date"}
  [1m[35mMovie Load (0.4ms)[0m  SELECT "movies".* FROM "movies" WHERE "movies"."rating" IN ('G', 'NC-17', 'PG', 'PG-13', 'R')  ORDER BY "movies"."release_date" ASC
  Rendered movies/index.html.haml within layouts/application (22.3ms)
Completed 200 OK in 314ms (Views: 310.2ms | ActiveRecord: 1.0ms)


Started GET "/assets/application.self.css?body=1" for ::1 at 2015-07-23 13:57:11 -0700


Started GET "/assets/jquery.self.js?body=1" for ::1 at 2015-07-23 13:57:11 -0700


Started GET "/assets/jquery_ujs.self.js?body=1" for ::1 at 2015-07-23 13:57:11 -0700


Started GET "/assets/application.self.js?body=1" for ::1 at 2015-07-23 13:57:11 -0700


Started GET "/movies?ratings%5BG%5D=G&ratings%5BNC-17%5D=NC-17&ratings%5BPG%5D=PG&ratings%5BPG-13%5D=PG-13&ratings%5BR%5D=R&sort=title" for ::1 at 2015-07-23 13:57:13 -0700
Processing by MoviesController#index as HTML
  Parameters: {"ratings"=>{"G"=>"G", "NC-17"=>"NC-17", "PG"=>"PG", "PG-13"=>"PG-13", "R"=>"R"}, "sort"=>"title"}
Redirected to http://localhost:3000/movies?ratings%5BG%5D=G&ratings%5BNC-17%5D=NC-17&ratings%5BPG%5D=PG&ratings%5BPG-13%5D=PG-13&ratings%5BR%5D=R&sort=title
Completed 302 Found in 2ms (ActiveRecord: 0.0ms)


Started GET "/movies?ratings%5BG%5D=G&ratings%5BNC-17%5D=NC-17&ratings%5BPG%5D=PG&ratings%5BPG-13%5D=PG-13&ratings%5BR%5D=R&sort=title" for ::1 at 2015-07-23 13:57:13 -0700
Processing by MoviesController#index as HTML
  Parameters: {"ratings"=>{"G"=>"G", "NC-17"=>"NC-17", "PG"=>"PG", "PG-13"=>"PG-13", "R"=>"R"}, "sort"=>"title"}
  [1m[36mMovie Load (0.3ms)[0m  [1mSELECT "movies".* FROM "movies" WHERE "movies"."rating" IN ('G', 'NC-17', 'PG', 'PG-13', 'R')  ORDER BY "movies"."title" ASC[0m
  Rendered movies/index.html.haml within layouts/application (6.0ms)
Completed 200 OK in 22ms (Views: 20.6ms | ActiveRecord: 0.3ms)


Started GET "/assets/application.self.css?body=1" for ::1 at 2015-07-23 13:57:13 -0700


Started GET "/assets/jquery.self.js?body=1" for ::1 at 2015-07-23 13:57:13 -0700


Started GET "/assets/jquery_ujs.self.js?body=1" for ::1 at 2015-07-23 13:57:13 -0700


Started GET "/assets/application.self.js?body=1" for ::1 at 2015-07-23 13:57:13 -0700


Started GET "/movies?ratings%5BG%5D=G&ratings%5BNC-17%5D=NC-17&ratings%5BPG%5D=PG&ratings%5BPG-13%5D=PG-13&ratings%5BR%5D=R&sort=release_date" for ::1 at 2015-07-23 13:57:15 -0700
Processing by MoviesController#index as HTML
  Parameters: {"ratings"=>{"G"=>"G", "NC-17"=>"NC-17", "PG"=>"PG", "PG-13"=>"PG-13", "R"=>"R"}, "sort"=>"release_date"}
Redirected to http://localhost:3000/movies?ratings%5BG%5D=G&ratings%5BNC-17%5D=NC-17&ratings%5BPG%5D=PG&ratings%5BPG-13%5D=PG-13&ratings%5BR%5D=R&sort=release_date
Completed 302 Found in 3ms (ActiveRecord: 0.0ms)


Started GET "/movies?ratings%5BG%5D=G&ratings%5BNC-17%5D=NC-17&ratings%5BPG%5D=PG&ratings%5BPG-13%5D=PG-13&ratings%5BR%5D=R&sort=release_date" for ::1 at 2015-07-23 13:57:15 -0700
Processing by MoviesController#index as HTML
  Parameters: {"ratings"=>{"G"=>"G", "NC-17"=>"NC-17", "PG"=>"PG", "PG-13"=>"PG-13", "R"=>"R"}, "sort"=>"release_date"}
  [1m[35mMovie Load (0.3ms)[0m  SELECT "movies".* FROM "movies" WHERE "movies"."rating" IN ('G', 'NC-17', 'PG', 'PG-13', 'R')  ORDER BY "movies"."release_date" ASC
  Rendered movies/index.html.haml within layouts/application (5.2ms)
Completed 200 OK in 16ms (Views: 14.8ms | ActiveRecord: 0.3ms)


Started GET "/assets/application.self.css?body=1" for ::1 at 2015-07-23 13:57:15 -0700


Started GET "/assets/application.self.js?body=1" for ::1 at 2015-07-23 13:57:15 -0700


Started GET "/assets/jquery_ujs.self.js?body=1" for ::1 at 2015-07-23 13:57:15 -0700


Started GET "/assets/jquery.self.js?body=1" for ::1 at 2015-07-23 13:57:15 -0700


Started GET "/movies?ratings%5BG%5D=G&ratings%5BNC-17%5D=NC-17&ratings%5BPG%5D=PG&ratings%5BPG-13%5D=PG-13&ratings%5BR%5D=R&sort=release_date" for ::1 at 2015-07-23 13:57:16 -0700
Processing by MoviesController#index as HTML
  Parameters: {"ratings"=>{"G"=>"G", "NC-17"=>"NC-17", "PG"=>"PG", "PG-13"=>"PG-13", "R"=>"R"}, "sort"=>"release_date"}
  [1m[36mMovie Load (0.3ms)[0m  [1mSELECT "movies".* FROM "movies" WHERE "movies"."rating" IN ('G', 'NC-17', 'PG', 'PG-13', 'R')  ORDER BY "movies"."release_date" ASC[0m
  Rendered movies/index.html.haml within layouts/application (6.5ms)
Completed 200 OK in 20ms (Views: 16.5ms | ActiveRecord: 0.3ms)


Started GET "/assets/jquery_ujs.self.js?body=1" for ::1 at 2015-07-23 13:57:16 -0700


Started GET "/assets/jquery.self.js?body=1" for ::1 at 2015-07-23 13:57:16 -0700


Started GET "/assets/application.self.css?body=1" for ::1 at 2015-07-23 13:57:16 -0700


Started GET "/assets/application.self.js?body=1" for ::1 at 2015-07-23 13:57:16 -0700
  [1m[36mActiveRecord::SchemaMigration Load (0.1ms)[0m  [1mSELECT "schema_migrations".* FROM "schema_migrations"[0m
  [1m[35mActiveRecord::SchemaMigration Load (0.1ms)[0m  SELECT "schema_migrations".* FROM "schema_migrations"


Started GET "/assets/rails.png" for ::1 at 2015-09-26 12:38:44 -0500


Started GET "/movies?ratings%5BG%5D=1&ratings%5BNC-17%5D=1&ratings%5BPG%5D=1&ratings%5BPG-13%5D=1&ratings%5BR%5D=1&sort=release_date" for ::1 at 2015-09-26 12:38:46 -0500
Processing by MoviesController#index as HTML
  Parameters: {"ratings"=>{"G"=>"1", "NC-17"=>"1", "PG"=>"1", "PG-13"=>"1", "R"=>"1"}, "sort"=>"release_date"}
Redirected to http://localhost:3000/movies?ratings%5BG%5D=1&ratings%5BNC-17%5D=1&ratings%5BPG%5D=1&ratings%5BPG-13%5D=1&ratings%5BR%5D=1&sort=release_date
Completed 302 Found in 36ms (ActiveRecord: 0.0ms)


Started GET "/movies?ratings%5BG%5D=1&ratings%5BNC-17%5D=1&ratings%5BPG%5D=1&ratings%5BPG-13%5D=1&ratings%5BR%5D=1&sort=release_date" for ::1 at 2015-09-26 12:38:46 -0500
Processing by MoviesController#index as HTML
  Parameters: {"ratings"=>{"G"=>"1", "NC-17"=>"1", "PG"=>"1", "PG-13"=>"1", "R"=>"1"}, "sort"=>"release_date"}
  [1m[36mMovie Load (1.0ms)[0m  [1mSELECT "movies".* FROM "movies" WHERE "movies"."rating" IN ('G', 'NC-17', 'PG', 'PG-13', 'R')  ORDER BY "movies"."release_date" ASC[0m
  Rendered movies/index.html.haml within layouts/application (47.5ms)
Completed 200 OK in 825ms (Views: 703.2ms | ActiveRecord: 3.4ms)


Started GET "/movies" for ::1 at 2015-09-26 12:38:47 -0500
Processing by MoviesController#index as HTML
Redirected to http://localhost:3000/movies?ratings%5BG%5D=1&ratings%5BNC-17%5D=1&ratings%5BPG%5D=1&ratings%5BPG-13%5D=1&ratings%5BR%5D=1&sort=release_date
Completed 302 Found in 2ms (ActiveRecord: 0.0ms)


Started GET "/movies?ratings%5BG%5D=1&ratings%5BNC-17%5D=1&ratings%5BPG%5D=1&ratings%5BPG-13%5D=1&ratings%5BR%5D=1&sort=release_date" for ::1 at 2015-09-26 12:38:47 -0500
Processing by MoviesController#index as HTML
  Parameters: {"ratings"=>{"G"=>"1", "NC-17"=>"1", "PG"=>"1", "PG-13"=>"1", "R"=>"1"}, "sort"=>"release_date"}
  [1m[35mMovie Load (0.7ms)[0m  SELECT "movies".* FROM "movies" WHERE "movies"."rating" IN ('G', 'NC-17', 'PG', 'PG-13', 'R')  ORDER BY "movies"."release_date" ASC
  Rendered movies/index.html.haml within layouts/application (15.9ms)
Completed 200 OK in 40ms (Views: 38.2ms | ActiveRecord: 0.7ms)


Started GET "/assets/application.self.css?body=1" for ::1 at 2015-09-26 12:38:47 -0500


Started GET "/assets/jquery.self.js?body=1" for ::1 at 2015-09-26 12:38:47 -0500


Started GET "/assets/application.self.js?body=1" for ::1 at 2015-09-26 12:38:47 -0500


Started GET "/assets/jquery_ujs.self.js?body=1" for ::1 at 2015-09-26 12:38:47 -0500


Started GET "/movies?ratings%5BG%5D=1&ratings%5BNC-17%5D=1&ratings%5BPG%5D=1&ratings%5BPG-13%5D=1&ratings%5BR%5D=1&sort=title" for ::1 at 2015-09-26 12:38:55 -0500
Processing by MoviesController#index as HTML
  Parameters: {"ratings"=>{"G"=>"1", "NC-17"=>"1", "PG"=>"1", "PG-13"=>"1", "R"=>"1"}, "sort"=>"title"}
Redirected to http://localhost:3000/movies?ratings%5BG%5D=1&ratings%5BNC-17%5D=1&ratings%5BPG%5D=1&ratings%5BPG-13%5D=1&ratings%5BR%5D=1&sort=title
Completed 302 Found in 3ms (ActiveRecord: 0.0ms)


Started GET "/movies?ratings%5BG%5D=1&ratings%5BNC-17%5D=1&ratings%5BPG%5D=1&ratings%5BPG-13%5D=1&ratings%5BR%5D=1&sort=title" for ::1 at 2015-09-26 12:38:55 -0500
Processing by MoviesController#index as HTML
  Parameters: {"ratings"=>{"G"=>"1", "NC-17"=>"1", "PG"=>"1", "PG-13"=>"1", "R"=>"1"}, "sort"=>"title"}
  [1m[36mMovie Load (0.5ms)[0m  [1mSELECT "movies".* FROM "movies" WHERE "movies"."rating" IN ('G', 'NC-17', 'PG', 'PG-13', 'R')  ORDER BY "movies"."title" ASC[0m
  Rendered movies/index.html.haml within layouts/application (8.0ms)
Completed 200 OK in 36ms (Views: 34.0ms | ActiveRecord: 0.5ms)


Started GET "/assets/application.self.css?body=1" for ::1 at 2015-09-26 12:38:55 -0500


Started GET "/assets/jquery.self.js?body=1" for ::1 at 2015-09-26 12:38:55 -0500


Started GET "/assets/jquery_ujs.self.js?body=1" for ::1 at 2015-09-26 12:38:55 -0500


Started GET "/assets/application.self.js?body=1" for ::1 at 2015-09-26 12:38:55 -0500


Started GET "/movies" for ::1 at 2015-09-26 14:31:21 -0500
Processing by MoviesController#index as HTML
  [1m[36mMovie Load (1.0ms)[0m  [1mSELECT "movies".* FROM "movies" WHERE "movies"."rating" IN ('G', 'PG', 'PG-13', 'NC-17', 'R')[0m
  Rendered movies/index.html.haml within layouts/application (113.7ms)
Completed 200 OK in 563ms (Views: 521.2ms | ActiveRecord: 4.3ms)


Started GET "/assets/jquery.self.js?body=1" for ::1 at 2015-09-26 14:31:22 -0500


Started GET "/assets/jquery_ujs.self.js?body=1" for ::1 at 2015-09-26 14:31:22 -0500


Started GET "/assets/application.self.js?body=1" for ::1 at 2015-09-26 14:31:22 -0500


Started GET "/assets/application.self.css?body=1" for ::1 at 2015-09-26 14:31:22 -0500


Started GET "/movies/1" for ::1 at 2015-09-26 14:31:24 -0500
Processing by MoviesController#show as HTML
  Parameters: {"id"=>"1"}
  [1m[35mMovie Load (0.4ms)[0m  SELECT  "movies".* FROM "movies" WHERE "movies"."id" = ? LIMIT 1  [["id", 1]]
  Rendered movies/show.html.haml within layouts/application (4.4ms)
Completed 200 OK in 34ms (Views: 26.0ms | ActiveRecord: 0.4ms)


Started GET "/assets/application.self.css?body=1" for ::1 at 2015-09-26 14:31:24 -0500


Started GET "/assets/jquery.self.js?body=1" for ::1 at 2015-09-26 14:31:24 -0500


Started GET "/assets/application.self.js?body=1" for ::1 at 2015-09-26 14:31:24 -0500


Started GET "/assets/jquery_ujs.self.js?body=1" for ::1 at 2015-09-26 14:31:24 -0500


Started DELETE "/movies/1" for ::1 at 2015-09-26 14:31:26 -0500
Processing by MoviesController#destroy as HTML
  Parameters: {"authenticity_token"=>"3yHnOH/TOJuP+vqH5h2ovxYK6vtaMECwWPfuNtF5E9b21B/uuxqTgxeGQAy8KeM6kkwPy185//3ZYQL2gVu7RQ==", "id"=>"1"}
  [1m[36mMovie Load (0.2ms)[0m  [1mSELECT  "movies".* FROM "movies" WHERE "movies"."id" = ? LIMIT 1[0m  [["id", 1]]
  [1m[35m (0.2ms)[0m  begin transaction
  [1m[36mSQL (0.5ms)[0m  [1mDELETE FROM "movies" WHERE "movies"."id" = ?[0m  [["id", 1]]
  [1m[35m (3.9ms)[0m  commit transaction
Redirected to http://localhost:3000/movies
Completed 302 Found in 9ms (ActiveRecord: 4.8ms)


Started GET "/movies" for ::1 at 2015-09-26 14:31:26 -0500
Processing by MoviesController#index as HTML
  [1m[36mMovie Load (1.3ms)[0m  [1mSELECT "movies".* FROM "movies" WHERE "movies"."rating" IN ('G', 'PG', 'PG-13', 'NC-17', 'R')[0m
  Rendered movies/index.html.haml within layouts/application (13.8ms)
Completed 200 OK in 40ms (Views: 36.7ms | ActiveRecord: 1.3ms)


Started GET "/assets/jquery_ujs.self.js?body=1" for ::1 at 2015-09-26 14:31:26 -0500


Started GET "/assets/application.self.css?body=1" for ::1 at 2015-09-26 14:31:26 -0500


Started GET "/assets/jquery.self.js?body=1" for ::1 at 2015-09-26 14:31:26 -0500


Started GET "/assets/application.self.js?body=1" for ::1 at 2015-09-26 14:31:26 -0500


Started GET "/movies/2" for ::1 at 2015-09-26 14:31:27 -0500
Processing by MoviesController#show as HTML
  Parameters: {"id"=>"2"}
  [1m[35mMovie Load (0.2ms)[0m  SELECT  "movies".* FROM "movies" WHERE "movies"."id" = ? LIMIT 1  [["id", 2]]
  Rendered movies/show.html.haml within layouts/application (2.1ms)
Completed 200 OK in 23ms (Views: 21.5ms | ActiveRecord: 0.2ms)


Started GET "/assets/jquery_ujs.self.js?body=1" for ::1 at 2015-09-26 14:31:27 -0500


Started GET "/assets/application.self.css?body=1" for ::1 at 2015-09-26 14:31:27 -0500


Started GET "/assets/jquery.self.js?body=1" for ::1 at 2015-09-26 14:31:28 -0500


Started GET "/assets/application.self.js?body=1" for ::1 at 2015-09-26 14:31:28 -0500


Started DELETE "/movies/2" for ::1 at 2015-09-26 14:31:29 -0500
Processing by MoviesController#destroy as HTML
  Parameters: {"authenticity_token"=>"nomQxKiI/HGpiZeNlenC66VYqbxifJz9his+IhY5uDu3fGgSbEFXaTH1LQbP3YluIR5MjGd1I7AHvdLiRhsQqA==", "id"=>"2"}
  [1m[36mMovie Load (0.2ms)[0m  [1mSELECT  "movies".* FROM "movies" WHERE "movies"."id" = ? LIMIT 1[0m  [["id", 2]]
  [1m[35m (0.1ms)[0m  begin transaction
  [1m[36mSQL (0.3ms)[0m  [1mDELETE FROM "movies" WHERE "movies"."id" = ?[0m  [["id", 2]]
  [1m[35m (5.3ms)[0m  commit transaction
Redirected to http://localhost:3000/movies
Completed 302 Found in 11ms (ActiveRecord: 5.9ms)


Started GET "/movies" for ::1 at 2015-09-26 14:31:29 -0500
Processing by MoviesController#index as HTML
  [1m[36mMovie Load (0.7ms)[0m  [1mSELECT "movies".* FROM "movies" WHERE "movies"."rating" IN ('G', 'PG', 'PG-13', 'NC-17', 'R')[0m
  Rendered movies/index.html.haml within layouts/application (9.1ms)
Completed 200 OK in 28ms (Views: 25.5ms | ActiveRecord: 0.7ms)


Started GET "/assets/application.self.css?body=1" for ::1 at 2015-09-26 14:31:29 -0500


Started GET "/assets/jquery.self.js?body=1" for ::1 at 2015-09-26 14:31:29 -0500


Started GET "/assets/jquery_ujs.self.js?body=1" for ::1 at 2015-09-26 14:31:29 -0500


Started GET "/assets/application.self.js?body=1" for ::1 at 2015-09-26 14:31:29 -0500


Started GET "/movies/3" for ::1 at 2015-09-26 14:31:30 -0500
Processing by MoviesController#show as HTML
  Parameters: {"id"=>"3"}
  [1m[35mMovie Load (0.2ms)[0m  SELECT  "movies".* FROM "movies" WHERE "movies"."id" = ? LIMIT 1  [["id", 3]]
  Rendered movies/show.html.haml within layouts/application (1.6ms)
Completed 200 OK in 20ms (Views: 17.6ms | ActiveRecord: 0.2ms)


Started GET "/assets/application.self.css?body=1" for ::1 at 2015-09-26 14:31:30 -0500


Started GET "/assets/jquery.self.js?body=1" for ::1 at 2015-09-26 14:31:30 -0500


Started GET "/assets/jquery_ujs.self.js?body=1" for ::1 at 2015-09-26 14:31:30 -0500


Started GET "/assets/application.self.js?body=1" for ::1 at 2015-09-26 14:31:30 -0500


Started DELETE "/movies/3" for ::1 at 2015-09-26 14:31:31 -0500
Processing by MoviesController#destroy as HTML
  Parameters: {"authenticity_token"=>"bsEcGVSv1giBxQgh2JobMrI35iwiEgV/8m0BOuasbHNHNOTPkGZ9EBm5sqqCrlC3NnEDHCcbujJz++36to7E4A==", "id"=>"3"}
  [1m[36mMovie Load (0.2ms)[0m  [1mSELECT  "movies".* FROM "movies" WHERE "movies"."id" = ? LIMIT 1[0m  [["id", 3]]
  [1m[35m (0.1ms)[0m  begin transaction
  [1m[36mSQL (0.3ms)[0m  [1mDELETE FROM "movies" WHERE "movies"."id" = ?[0m  [["id", 3]]
  [1m[35m (5.7ms)[0m  commit transaction
Redirected to http://localhost:3000/movies
Completed 302 Found in 10ms (ActiveRecord: 6.3ms)


Started GET "/movies" for ::1 at 2015-09-26 14:31:31 -0500
Processing by MoviesController#index as HTML
  [1m[36mMovie Load (0.8ms)[0m  [1mSELECT "movies".* FROM "movies" WHERE "movies"."rating" IN ('G', 'PG', 'PG-13', 'NC-17', 'R')[0m
  Rendered movies/index.html.haml within layouts/application (11.7ms)
Completed 200 OK in 38ms (Views: 36.3ms | ActiveRecord: 0.8ms)


Started GET "/assets/application.self.css?body=1" for ::1 at 2015-09-26 14:31:31 -0500


Started GET "/assets/jquery_ujs.self.js?body=1" for ::1 at 2015-09-26 14:31:31 -0500


Started GET "/assets/jquery.self.js?body=1" for ::1 at 2015-09-26 14:31:31 -0500


Started GET "/assets/application.self.js?body=1" for ::1 at 2015-09-26 14:31:31 -0500


Started GET "/movies/4" for ::1 at 2015-09-26 14:31:33 -0500
Processing by MoviesController#show as HTML
  Parameters: {"id"=>"4"}
  [1m[35mMovie Load (0.2ms)[0m  SELECT  "movies".* FROM "movies" WHERE "movies"."id" = ? LIMIT 1  [["id", 4]]
  Rendered movies/show.html.haml within layouts/application (1.9ms)
Completed 200 OK in 21ms (Views: 19.2ms | ActiveRecord: 0.2ms)


Started GET "/assets/jquery.self.js?body=1" for ::1 at 2015-09-26 14:31:33 -0500


Started GET "/assets/application.self.css?body=1" for ::1 at 2015-09-26 14:31:33 -0500


Started GET "/assets/application.self.js?body=1" for ::1 at 2015-09-26 14:31:33 -0500


Started GET "/assets/jquery_ujs.self.js?body=1" for ::1 at 2015-09-26 14:31:33 -0500


Started DELETE "/movies/4" for ::1 at 2015-09-26 14:31:34 -0500
Processing by MoviesController#destroy as HTML
  Parameters: {"authenticity_token"=>"d7o0U6vWJZHouaHx1REw10+JLd3slN7FTeZ3n7JMNfFeT8yFbx+OiXDFG3qPJXtSy8/I7emdYYjMcJtf4m6dYg==", "id"=>"4"}
  [1m[36mMovie Load (0.2ms)[0m  [1mSELECT  "movies".* FROM "movies" WHERE "movies"."id" = ? LIMIT 1[0m  [["id", 4]]
  [1m[35m (0.1ms)[0m  begin transaction
  [1m[36mSQL (0.4ms)[0m  [1mDELETE FROM "movies" WHERE "movies"."id" = ?[0m  [["id", 4]]
  [1m[35m (4.3ms)[0m  commit transaction
Redirected to http://localhost:3000/movies
Completed 302 Found in 9ms (ActiveRecord: 5.0ms)


Started GET "/movies" for ::1 at 2015-09-26 14:31:34 -0500
Processing by MoviesController#index as HTML
  [1m[36mMovie Load (0.8ms)[0m  [1mSELECT "movies".* FROM "movies" WHERE "movies"."rating" IN ('G', 'PG', 'PG-13', 'NC-17', 'R')[0m
  Rendered movies/index.html.haml within layouts/application (15.5ms)
Completed 200 OK in 35ms (Views: 32.2ms | ActiveRecord: 0.8ms)


Started GET "/assets/application.self.css?body=1" for ::1 at 2015-09-26 14:31:34 -0500


Started GET "/assets/jquery.self.js?body=1" for ::1 at 2015-09-26 14:31:34 -0500


Started GET "/assets/jquery_ujs.self.js?body=1" for ::1 at 2015-09-26 14:31:34 -0500


Started GET "/assets/application.self.js?body=1" for ::1 at 2015-09-26 14:31:34 -0500


Started GET "/movies/5" for ::1 at 2015-09-26 14:31:36 -0500
Processing by MoviesController#show as HTML
  Parameters: {"id"=>"5"}
  [1m[35mMovie Load (0.2ms)[0m  SELECT  "movies".* FROM "movies" WHERE "movies"."id" = ? LIMIT 1  [["id", 5]]
  Rendered movies/show.html.haml within layouts/application (1.6ms)
Completed 200 OK in 24ms (Views: 22.5ms | ActiveRecord: 0.2ms)


Started GET "/assets/application.self.css?body=1" for ::1 at 2015-09-26 14:31:36 -0500


Started GET "/assets/jquery.self.js?body=1" for ::1 at 2015-09-26 14:31:36 -0500


Started GET "/assets/application.self.js?body=1" for ::1 at 2015-09-26 14:31:36 -0500


Started GET "/assets/jquery_ujs.self.js?body=1" for ::1 at 2015-09-26 14:31:36 -0500


Started DELETE "/movies/5" for ::1 at 2015-09-26 14:31:37 -0500
Processing by MoviesController#destroy as HTML
  Parameters: {"authenticity_token"=>"iavFKMNjK4oBap69wsG/6Nq5oE4gMKMtMpZpBdKFH++gXj3+B6qAkpkWJDaY9fRtXv9FfiU5HGCzAIXFgqe3fA==", "id"=>"5"}
  [1m[36mMovie Load (0.2ms)[0m  [1mSELECT  "movies".* FROM "movies" WHERE "movies"."id" = ? LIMIT 1[0m  [["id", 5]]
  [1m[35m (0.3ms)[0m  begin transaction
  [1m[36mSQL (0.5ms)[0m  [1mDELETE FROM "movies" WHERE "movies"."id" = ?[0m  [["id", 5]]
  [1m[35m (5.8ms)[0m  commit transaction
Redirected to http://localhost:3000/movies
Completed 302 Found in 12ms (ActiveRecord: 6.8ms)


Started GET "/movies" for ::1 at 2015-09-26 14:31:37 -0500
Processing by MoviesController#index as HTML
  [1m[36mMovie Load (0.5ms)[0m  [1mSELECT "movies".* FROM "movies" WHERE "movies"."rating" IN ('G', 'PG', 'PG-13', 'NC-17', 'R')[0m
  Rendered movies/index.html.haml within layouts/application (11.9ms)
Completed 200 OK in 160ms (Views: 158.6ms | ActiveRecord: 0.5ms)


Started GET "/assets/application.self.css?body=1" for ::1 at 2015-09-26 14:31:37 -0500


Started GET "/assets/application.self.js?body=1" for ::1 at 2015-09-26 14:31:37 -0500


Started GET "/assets/jquery.self.js?body=1" for ::1 at 2015-09-26 14:31:37 -0500


Started GET "/assets/jquery_ujs.self.js?body=1" for ::1 at 2015-09-26 14:31:37 -0500


Started GET "/movies/6" for ::1 at 2015-09-26 14:31:39 -0500
Processing by MoviesController#show as HTML
  Parameters: {"id"=>"6"}
  [1m[35mMovie Load (0.3ms)[0m  SELECT  "movies".* FROM "movies" WHERE "movies"."id" = ? LIMIT 1  [["id", 6]]
  Rendered movies/show.html.haml within layouts/application (2.2ms)
Completed 200 OK in 20ms (Views: 18.5ms | ActiveRecord: 0.3ms)


Started GET "/assets/application.self.css?body=1" for ::1 at 2015-09-26 14:31:39 -0500


Started GET "/assets/jquery_ujs.self.js?body=1" for ::1 at 2015-09-26 14:31:39 -0500


Started GET "/assets/application.self.js?body=1" for ::1 at 2015-09-26 14:31:39 -0500


Started GET "/assets/jquery.self.js?body=1" for ::1 at 2015-09-26 14:31:39 -0500


Started DELETE "/movies/6" for ::1 at 2015-09-26 14:31:40 -0500
Processing by MoviesController#destroy as HTML
  Parameters: {"authenticity_token"=>"m5VGPUT0tU2WmqU5HKGjXA19BLW30qIx6PmIvyEyoLiyYL7rgD0eVQ7mH7JGlejZiTvhhbLbHXxpb2R/cRAIKw==", "id"=>"6"}
  [1m[36mMovie Load (0.2ms)[0m  [1mSELECT  "movies".* FROM "movies" WHERE "movies"."id" = ? LIMIT 1[0m  [["id", 6]]
  [1m[35m (0.1ms)[0m  begin transaction
  [1m[36mSQL (0.9ms)[0m  [1mDELETE FROM "movies" WHERE "movies"."id" = ?[0m  [["id", 6]]
  [1m[35m (5.9ms)[0m  commit transaction
Redirected to http://localhost:3000/movies
Completed 302 Found in 11ms (ActiveRecord: 7.1ms)


Started GET "/movies" for ::1 at 2015-09-26 14:31:40 -0500
Processing by MoviesController#index as HTML
  [1m[36mMovie Load (0.5ms)[0m  [1mSELECT "movies".* FROM "movies" WHERE "movies"."rating" IN ('G', 'PG', 'PG-13', 'NC-17', 'R')[0m
  Rendered movies/index.html.haml within layouts/application (8.6ms)
Completed 200 OK in 37ms (Views: 33.4ms | ActiveRecord: 0.5ms)


Started GET "/assets/application.self.css?body=1" for ::1 at 2015-09-26 14:31:40 -0500


Started GET "/assets/jquery.self.js?body=1" for ::1 at 2015-09-26 14:31:40 -0500


Started GET "/assets/jquery_ujs.self.js?body=1" for ::1 at 2015-09-26 14:31:40 -0500


Started GET "/assets/application.self.js?body=1" for ::1 at 2015-09-26 14:31:40 -0500


Started GET "/movies/7" for ::1 at 2015-09-26 14:31:42 -0500
Processing by MoviesController#show as HTML
  Parameters: {"id"=>"7"}
  [1m[35mMovie Load (0.2ms)[0m  SELECT  "movies".* FROM "movies" WHERE "movies"."id" = ? LIMIT 1  [["id", 7]]
  Rendered movies/show.html.haml within layouts/application (1.6ms)
Completed 200 OK in 20ms (Views: 18.6ms | ActiveRecord: 0.2ms)


Started GET "/assets/jquery.self.js?body=1" for ::1 at 2015-09-26 14:31:42 -0500


Started GET "/assets/application.self.css?body=1" for ::1 at 2015-09-26 14:31:42 -0500


Started GET "/assets/jquery_ujs.self.js?body=1" for ::1 at 2015-09-26 14:31:42 -0500


Started GET "/assets/application.self.js?body=1" for ::1 at 2015-09-26 14:31:42 -0500


Started DELETE "/movies/7" for ::1 at 2015-09-26 14:31:43 -0500
Processing by MoviesController#destroy as HTML
  Parameters: {"authenticity_token"=>"P1QFvHmjxrbRfZR3RE83tzqP21+yjHyv3vjPB3BKQ5oWof1qvWptrkkBLvwee3wyvsk+b7eFw+JfbiPHIGjrCQ==", "id"=>"7"}
  [1m[36mMovie Load (0.2ms)[0m  [1mSELECT  "movies".* FROM "movies" WHERE "movies"."id" = ? LIMIT 1[0m  [["id", 7]]
  [1m[35m (0.1ms)[0m  begin transaction
  [1m[36mSQL (0.5ms)[0m  [1mDELETE FROM "movies" WHERE "movies"."id" = ?[0m  [["id", 7]]
  [1m[35m (4.8ms)[0m  commit transaction
Redirected to http://localhost:3000/movies
Completed 302 Found in 10ms (ActiveRecord: 5.6ms)


Started GET "/movies" for ::1 at 2015-09-26 14:31:43 -0500
Processing by MoviesController#index as HTML
  [1m[36mMovie Load (0.7ms)[0m  [1mSELECT "movies".* FROM "movies" WHERE "movies"."rating" IN ('G', 'PG', 'PG-13', 'NC-17', 'R')[0m
  Rendered movies/index.html.haml within layouts/application (8.9ms)
Completed 200 OK in 39ms (Views: 36.7ms | ActiveRecord: 0.7ms)


Started GET "/assets/application.self.css?body=1" for ::1 at 2015-09-26 14:31:43 -0500


Started GET "/assets/jquery_ujs.self.js?body=1" for ::1 at 2015-09-26 14:31:43 -0500


Started GET "/assets/application.self.js?body=1" for ::1 at 2015-09-26 14:31:43 -0500


Started GET "/assets/jquery.self.js?body=1" for ::1 at 2015-09-26 14:31:43 -0500


Started GET "/movies/8" for ::1 at 2015-09-26 14:31:45 -0500
Processing by MoviesController#show as HTML
  Parameters: {"id"=>"8"}
  [1m[35mMovie Load (0.3ms)[0m  SELECT  "movies".* FROM "movies" WHERE "movies"."id" = ? LIMIT 1  [["id", 8]]
  Rendered movies/show.html.haml within layouts/application (2.1ms)
Completed 200 OK in 22ms (Views: 20.0ms | ActiveRecord: 0.3ms)


Started GET "/assets/application.self.css?body=1" for ::1 at 2015-09-26 14:31:45 -0500


Started GET "/assets/jquery_ujs.self.js?body=1" for ::1 at 2015-09-26 14:31:45 -0500


Started GET "/assets/jquery.self.js?body=1" for ::1 at 2015-09-26 14:31:45 -0500


Started GET "/assets/application.self.js?body=1" for ::1 at 2015-09-26 14:31:45 -0500


Started DELETE "/movies/8" for ::1 at 2015-09-26 14:31:46 -0500
Processing by MoviesController#destroy as HTML
  Parameters: {"authenticity_token"=>"OMI3pLVd/7RQ7khfq92XfWVFoaHCfRyBSY+PGMO4+m0RN89ycZRUrMiS8tTx6dz44QNEkcd0o8zIGWPYk5pS/g==", "id"=>"8"}
  [1m[36mMovie Load (0.2ms)[0m  [1mSELECT  "movies".* FROM "movies" WHERE "movies"."id" = ? LIMIT 1[0m  [["id", 8]]
  [1m[35m (0.1ms)[0m  begin transaction
  [1m[36mSQL (0.3ms)[0m  [1mDELETE FROM "movies" WHERE "movies"."id" = ?[0m  [["id", 8]]
  [1m[35m (6.6ms)[0m  commit transaction
Redirected to http://localhost:3000/movies
Completed 302 Found in 11ms (ActiveRecord: 7.3ms)


Started GET "/movies" for ::1 at 2015-09-26 14:31:46 -0500
Processing by MoviesController#index as HTML
  [1m[36mMovie Load (0.5ms)[0m  [1mSELECT "movies".* FROM "movies" WHERE "movies"."rating" IN ('G', 'PG', 'PG-13', 'NC-17', 'R')[0m
  Rendered movies/index.html.haml within layouts/application (7.6ms)
Completed 200 OK in 32ms (Views: 30.6ms | ActiveRecord: 0.5ms)


Started GET "/assets/application.self.css?body=1" for ::1 at 2015-09-26 14:31:46 -0500


Started GET "/assets/jquery.self.js?body=1" for ::1 at 2015-09-26 14:31:46 -0500


Started GET "/assets/jquery_ujs.self.js?body=1" for ::1 at 2015-09-26 14:31:46 -0500


Started GET "/assets/application.self.js?body=1" for ::1 at 2015-09-26 14:31:46 -0500


Started GET "/movies/9" for ::1 at 2015-09-26 14:31:47 -0500
Processing by MoviesController#show as HTML
  Parameters: {"id"=>"9"}
  [1m[35mMovie Load (0.2ms)[0m  SELECT  "movies".* FROM "movies" WHERE "movies"."id" = ? LIMIT 1  [["id", 9]]
  Rendered movies/show.html.haml within layouts/application (1.6ms)
Completed 200 OK in 21ms (Views: 20.1ms | ActiveRecord: 0.2ms)


Started GET "/assets/application.self.js?body=1" for ::1 at 2015-09-26 14:31:48 -0500


Started GET "/assets/jquery_ujs.self.js?body=1" for ::1 at 2015-09-26 14:31:48 -0500


Started GET "/assets/jquery.self.js?body=1" for ::1 at 2015-09-26 14:31:48 -0500


Started GET "/assets/application.self.css?body=1" for ::1 at 2015-09-26 14:31:48 -0500


Started DELETE "/movies/9" for ::1 at 2015-09-26 14:31:49 -0500
Processing by MoviesController#destroy as HTML
  Parameters: {"authenticity_token"=>"VF+sd8h9KB1ENQqXYu6DU4ohjKt9jyVhIE5CeGYRXfl9qlShDLSDBdxJsBw42sjWDmdpm3iGmiyh2K64NjP1ag==", "id"=>"9"}
  [1m[36mMovie Load (0.5ms)[0m  [1mSELECT  "movies".* FROM "movies" WHERE "movies"."id" = ? LIMIT 1[0m  [["id", 9]]
  [1m[35m (0.2ms)[0m  begin transaction
  [1m[36mSQL (0.4ms)[0m  [1mDELETE FROM "movies" WHERE "movies"."id" = ?[0m  [["id", 9]]
  [1m[35m (5.6ms)[0m  commit transaction
Redirected to http://localhost:3000/movies
Completed 302 Found in 13ms (ActiveRecord: 6.6ms)


Started GET "/movies" for ::1 at 2015-09-26 14:31:49 -0500
Processing by MoviesController#index as HTML
  [1m[36mMovie Load (1.0ms)[0m  [1mSELECT "movies".* FROM "movies" WHERE "movies"."rating" IN ('G', 'PG', 'PG-13', 'NC-17', 'R')[0m
  Rendered movies/index.html.haml within layouts/application (11.1ms)
Completed 200 OK in 34ms (Views: 31.4ms | ActiveRecord: 1.0ms)


Started GET "/assets/jquery_ujs.self.js?body=1" for ::1 at 2015-09-26 14:31:49 -0500


Started GET "/assets/application.self.css?body=1" for ::1 at 2015-09-26 14:31:49 -0500


Started GET "/assets/application.self.js?body=1" for ::1 at 2015-09-26 14:31:49 -0500


Started GET "/assets/jquery.self.js?body=1" for ::1 at 2015-09-26 14:31:49 -0500


Started GET "/movies/10" for ::1 at 2015-09-26 14:31:50 -0500
Processing by MoviesController#show as HTML
  Parameters: {"id"=>"10"}
  [1m[35mMovie Load (0.3ms)[0m  SELECT  "movies".* FROM "movies" WHERE "movies"."id" = ? LIMIT 1  [["id", 10]]
  Rendered movies/show.html.haml within layouts/application (2.2ms)
Completed 200 OK in 20ms (Views: 18.2ms | ActiveRecord: 0.3ms)


Started GET "/assets/jquery_ujs.self.js?body=1" for ::1 at 2015-09-26 14:31:50 -0500


Started GET "/assets/jquery.self.js?body=1" for ::1 at 2015-09-26 14:31:50 -0500


Started GET "/assets/application.self.js?body=1" for ::1 at 2015-09-26 14:31:50 -0500


Started GET "/assets/application.self.css?body=1" for ::1 at 2015-09-26 14:31:50 -0500


Started DELETE "/movies/10" for ::1 at 2015-09-26 14:31:52 -0500
Processing by MoviesController#destroy as HTML
  Parameters: {"authenticity_token"=>"8i/pfyFhXnYeUevkxhwUTtTsnLQVVwZmPfBTX1KQRnfb2hGp5aj1boYtUW+cKF/LUKp5hBBeuSu8Zr+fArLu5A==", "id"=>"10"}
  [1m[36mMovie Load (0.3ms)[0m  [1mSELECT  "movies".* FROM "movies" WHERE "movies"."id" = ? LIMIT 1[0m  [["id", 10]]
  [1m[35m (0.1ms)[0m  begin transaction
  [1m[36mSQL (0.3ms)[0m  [1mDELETE FROM "movies" WHERE "movies"."id" = ?[0m  [["id", 10]]
  [1m[35m (5.4ms)[0m  commit transaction
Redirected to http://localhost:3000/movies
Completed 302 Found in 10ms (ActiveRecord: 6.1ms)


Started GET "/movies" for ::1 at 2015-09-26 14:31:52 -0500
Processing by MoviesController#index as HTML
  [1m[36mMovie Load (0.7ms)[0m  [1mSELECT "movies".* FROM "movies" WHERE "movies"."rating" IN ('G', 'PG', 'PG-13', 'NC-17', 'R')[0m
  Rendered movies/index.html.haml within layouts/application (10.3ms)
Completed 200 OK in 35ms (Views: 33.5ms | ActiveRecord: 0.7ms)


Started GET "/assets/application.self.css?body=1" for ::1 at 2015-09-26 14:31:52 -0500


Started GET "/assets/application.self.js?body=1" for ::1 at 2015-09-26 14:31:52 -0500


Started GET "/assets/jquery.self.js?body=1" for ::1 at 2015-09-26 14:31:52 -0500


Started GET "/assets/jquery_ujs.self.js?body=1" for ::1 at 2015-09-26 14:31:52 -0500


Started GET "/movies/11" for ::1 at 2015-09-26 14:31:53 -0500
Processing by MoviesController#show as HTML
  Parameters: {"id"=>"11"}
  [1m[35mMovie Load (0.3ms)[0m  SELECT  "movies".* FROM "movies" WHERE "movies"."id" = ? LIMIT 1  [["id", 11]]
  Rendered movies/show.html.haml within layouts/application (2.2ms)
Completed 200 OK in 23ms (Views: 22.1ms | ActiveRecord: 0.3ms)


Started GET "/assets/application.self.css?body=1" for ::1 at 2015-09-26 14:31:53 -0500


Started GET "/assets/jquery.self.js?body=1" for ::1 at 2015-09-26 14:31:53 -0500


Started GET "/assets/application.self.js?body=1" for ::1 at 2015-09-26 14:31:53 -0500


Started GET "/assets/jquery_ujs.self.js?body=1" for ::1 at 2015-09-26 14:31:53 -0500


Started DELETE "/movies/11" for ::1 at 2015-09-26 14:31:55 -0500
Processing by MoviesController#destroy as HTML
  Parameters: {"authenticity_token"=>"+nZKxt0j+qPJmBvf/gwwov7rjZPS/ql/64xpFwC6kJ7Tg7IQGepRu1HkoVSkOHsneq1oo9f3FjJqGoXXUJg4DQ==", "id"=>"11"}
  [1m[36mMovie Load (0.3ms)[0m  [1mSELECT  "movies".* FROM "movies" WHERE "movies"."id" = ? LIMIT 1[0m  [["id", 11]]
  [1m[35m (0.2ms)[0m  begin transaction
  [1m[36mSQL (2.2ms)[0m  [1mDELETE FROM "movies" WHERE "movies"."id" = ?[0m  [["id", 11]]
  [1m[35m (4.4ms)[0m  commit transaction
Redirected to http://localhost:3000/movies
Completed 302 Found in 12ms (ActiveRecord: 7.1ms)


Started GET "/movies" for ::1 at 2015-09-26 14:31:55 -0500
Processing by MoviesController#index as HTML
  [1m[36mMovie Load (0.5ms)[0m  [1mSELECT "movies".* FROM "movies" WHERE "movies"."rating" IN ('G', 'PG', 'PG-13', 'NC-17', 'R')[0m
  Rendered movies/index.html.haml within layouts/application (7.9ms)
Completed 200 OK in 32ms (Views: 30.4ms | ActiveRecord: 0.5ms)


Started GET "/assets/application.self.css?body=1" for ::1 at 2015-09-26 14:31:55 -0500


Started GET "/assets/jquery.self.js?body=1" for ::1 at 2015-09-26 14:31:55 -0500


Started GET "/assets/application.self.js?body=1" for ::1 at 2015-09-26 14:31:55 -0500


Started GET "/assets/jquery_ujs.self.js?body=1" for ::1 at 2015-09-26 14:31:55 -0500


Started GET "/movies/12" for ::1 at 2015-09-26 14:31:56 -0500
Processing by MoviesController#show as HTML
  Parameters: {"id"=>"12"}
  [1m[35mMovie Load (0.2ms)[0m  SELECT  "movies".* FROM "movies" WHERE "movies"."id" = ? LIMIT 1  [["id", 12]]
  Rendered movies/show.html.haml within layouts/application (1.8ms)
Completed 200 OK in 27ms (Views: 25.3ms | ActiveRecord: 0.2ms)


Started GET "/assets/application.self.css?body=1" for ::1 at 2015-09-26 14:31:56 -0500


Started GET "/assets/jquery.self.js?body=1" for ::1 at 2015-09-26 14:31:56 -0500


Started GET "/assets/jquery_ujs.self.js?body=1" for ::1 at 2015-09-26 14:31:56 -0500


Started GET "/assets/application.self.js?body=1" for ::1 at 2015-09-26 14:31:56 -0500


Started DELETE "/movies/12" for ::1 at 2015-09-26 14:31:57 -0500
Processing by MoviesController#destroy as HTML
  Parameters: {"authenticity_token"=>"LgeordDEnwqyA8QEenbqOfCe0QKjDxO9ryvvhnbLVVUH8lB7FA00Eip/fo8gQqG8dNg0MqYGrPAuvQNGJun9xg==", "id"=>"12"}
  [1m[36mMovie Load (0.2ms)[0m  [1mSELECT  "movies".* FROM "movies" WHERE "movies"."id" = ? LIMIT 1[0m  [["id", 12]]
  [1m[35m (0.1ms)[0m  begin transaction
  [1m[36mSQL (0.3ms)[0m  [1mDELETE FROM "movies" WHERE "movies"."id" = ?[0m  [["id", 12]]
  [1m[35m (8.7ms)[0m  commit transaction
Redirected to http://localhost:3000/movies
Completed 302 Found in 13ms (ActiveRecord: 9.3ms)


Started GET "/movies" for ::1 at 2015-09-26 14:31:57 -0500
Processing by MoviesController#index as HTML
  [1m[36mMovie Load (0.6ms)[0m  [1mSELECT "movies".* FROM "movies" WHERE "movies"."rating" IN ('G', 'PG', 'PG-13', 'NC-17', 'R')[0m
  Rendered movies/index.html.haml within layouts/application (7.3ms)
Completed 200 OK in 156ms (Views: 154.2ms | ActiveRecord: 0.6ms)


Started GET "/assets/application.self.css?body=1" for ::1 at 2015-09-26 14:31:57 -0500


Started GET "/assets/application.self.js?body=1" for ::1 at 2015-09-26 14:31:57 -0500


Started GET "/assets/jquery.self.js?body=1" for ::1 at 2015-09-26 14:31:57 -0500


Started GET "/assets/jquery_ujs.self.js?body=1" for ::1 at 2015-09-26 14:31:57 -0500


Started GET "/movies/13" for ::1 at 2015-09-26 14:31:58 -0500
Processing by MoviesController#show as HTML
  Parameters: {"id"=>"13"}
  [1m[35mMovie Load (0.5ms)[0m  SELECT  "movies".* FROM "movies" WHERE "movies"."id" = ? LIMIT 1  [["id", 13]]
  Rendered movies/show.html.haml within layouts/application (2.4ms)
Completed 200 OK in 26ms (Views: 22.5ms | ActiveRecord: 0.5ms)


Started GET "/assets/application.self.css?body=1" for ::1 at 2015-09-26 14:31:58 -0500


Started GET "/assets/jquery.self.js?body=1" for ::1 at 2015-09-26 14:31:58 -0500


Started GET "/assets/jquery_ujs.self.js?body=1" for ::1 at 2015-09-26 14:31:58 -0500


Started GET "/assets/application.self.js?body=1" for ::1 at 2015-09-26 14:31:58 -0500


Started DELETE "/movies/13" for ::1 at 2015-09-26 14:32:00 -0500
Processing by MoviesController#destroy as HTML
  Parameters: {"authenticity_token"=>"rW0Wiw/tZR0FcJ0jTkEoNkqIFaGE882CJTy93YGUF96EmO5dyyTOBZ0MJ6gUdWOzzs7wkYH6cs+kqlEd0ba/TQ==", "id"=>"13"}
  [1m[36mMovie Load (0.2ms)[0m  [1mSELECT  "movies".* FROM "movies" WHERE "movies"."id" = ? LIMIT 1[0m  [["id", 13]]
  [1m[35m (0.1ms)[0m  begin transaction
  [1m[36mSQL (0.3ms)[0m  [1mDELETE FROM "movies" WHERE "movies"."id" = ?[0m  [["id", 13]]
  [1m[35m (5.1ms)[0m  commit transaction
Redirected to http://localhost:3000/movies
Completed 302 Found in 10ms (ActiveRecord: 5.7ms)


Started GET "/movies" for ::1 at 2015-09-26 14:32:00 -0500
Processing by MoviesController#index as HTML
  [1m[36mMovie Load (1.1ms)[0m  [1mSELECT "movies".* FROM "movies" WHERE "movies"."rating" IN ('G', 'PG', 'PG-13', 'NC-17', 'R')[0m
  Rendered movies/index.html.haml within layouts/application (10.1ms)
Completed 200 OK in 33ms (Views: 30.5ms | ActiveRecord: 1.1ms)


Started GET "/assets/application.self.css?body=1" for ::1 at 2015-09-26 14:32:00 -0500


Started GET "/assets/jquery.self.js?body=1" for ::1 at 2015-09-26 14:32:00 -0500


Started GET "/assets/application.self.js?body=1" for ::1 at 2015-09-26 14:32:00 -0500


Started GET "/assets/jquery_ujs.self.js?body=1" for ::1 at 2015-09-26 14:32:00 -0500


Started GET "/movies/14" for ::1 at 2015-09-26 14:32:01 -0500
Processing by MoviesController#show as HTML
  Parameters: {"id"=>"14"}
  [1m[35mMovie Load (1.8ms)[0m  SELECT  "movies".* FROM "movies" WHERE "movies"."id" = ? LIMIT 1  [["id", 14]]
  Rendered movies/show.html.haml within layouts/application (3.6ms)
Completed 200 OK in 23ms (Views: 20.0ms | ActiveRecord: 1.8ms)


Started GET "/assets/application.self.css?body=1" for ::1 at 2015-09-26 14:32:01 -0500


Started GET "/assets/jquery.self.js?body=1" for ::1 at 2015-09-26 14:32:01 -0500


Started GET "/assets/jquery_ujs.self.js?body=1" for ::1 at 2015-09-26 14:32:01 -0500


Started GET "/assets/application.self.js?body=1" for ::1 at 2015-09-26 14:32:01 -0500


Started DELETE "/movies/14" for ::1 at 2015-09-26 14:32:02 -0500
Processing by MoviesController#destroy as HTML
  Parameters: {"authenticity_token"=>"ZTJHGzYHn3fmBwmXmF41LELp+14gcJSjfvdBczieyixMx7/N8s40b357sxzCan6pxq8ebiV5K+7/Ya2zaLxivw==", "id"=>"14"}
  [1m[36mMovie Load (0.3ms)[0m  [1mSELECT  "movies".* FROM "movies" WHERE "movies"."id" = ? LIMIT 1[0m  [["id", 14]]
  [1m[35m (0.1ms)[0m  begin transaction
  [1m[36mSQL (0.4ms)[0m  [1mDELETE FROM "movies" WHERE "movies"."id" = ?[0m  [["id", 14]]
  [1m[35m (5.7ms)[0m  commit transaction
Redirected to http://localhost:3000/movies
Completed 302 Found in 11ms (ActiveRecord: 6.5ms)


Started GET "/movies" for ::1 at 2015-09-26 14:32:02 -0500
Processing by MoviesController#index as HTML
  [1m[36mMovie Load (0.5ms)[0m  [1mSELECT "movies".* FROM "movies" WHERE "movies"."rating" IN ('G', 'PG', 'PG-13', 'NC-17', 'R')[0m
  Rendered movies/index.html.haml within layouts/application (6.7ms)
Completed 200 OK in 34ms (Views: 32.4ms | ActiveRecord: 0.5ms)


Started GET "/assets/application.self.css?body=1" for ::1 at 2015-09-26 14:32:02 -0500


Started GET "/assets/jquery.self.js?body=1" for ::1 at 2015-09-26 14:32:02 -0500


Started GET "/assets/jquery_ujs.self.js?body=1" for ::1 at 2015-09-26 14:32:02 -0500


Started GET "/assets/application.self.js?body=1" for ::1 at 2015-09-26 14:32:02 -0500


Started GET "/movies/15" for ::1 at 2015-09-26 14:32:04 -0500
Processing by MoviesController#show as HTML
  Parameters: {"id"=>"15"}
  [1m[35mMovie Load (0.3ms)[0m  SELECT  "movies".* FROM "movies" WHERE "movies"."id" = ? LIMIT 1  [["id", 15]]
  Rendered movies/show.html.haml within layouts/application (1.7ms)
Completed 200 OK in 23ms (Views: 21.1ms | ActiveRecord: 0.3ms)


Started GET "/assets/application.self.css?body=1" for ::1 at 2015-09-26 14:32:04 -0500


Started GET "/assets/application.self.js?body=1" for ::1 at 2015-09-26 14:32:04 -0500


Started GET "/assets/jquery_ujs.self.js?body=1" for ::1 at 2015-09-26 14:32:04 -0500


Started GET "/assets/jquery.self.js?body=1" for ::1 at 2015-09-26 14:32:04 -0500


Started DELETE "/movies/15" for ::1 at 2015-09-26 14:32:05 -0500
Processing by MoviesController#destroy as HTML
  Parameters: {"authenticity_token"=>"G4fNsywhOtaezISmAElxVVvSmziU7RLel1tfwXeAY9UycjVl6OiRzgawPi1afTrQ35R+CJHkrZMWzbMBJ6LLRg==", "id"=>"15"}
  [1m[36mMovie Load (0.2ms)[0m  [1mSELECT  "movies".* FROM "movies" WHERE "movies"."id" = ? LIMIT 1[0m  [["id", 15]]
  [1m[35m (0.1ms)[0m  begin transaction
  [1m[36mSQL (0.4ms)[0m  [1mDELETE FROM "movies" WHERE "movies"."id" = ?[0m  [["id", 15]]
  [1m[35m (5.6ms)[0m  commit transaction
Redirected to http://localhost:3000/movies
Completed 302 Found in 10ms (ActiveRecord: 6.3ms)


Started GET "/movies" for ::1 at 2015-09-26 14:32:05 -0500
Processing by MoviesController#index as HTML
  [1m[36mMovie Load (0.4ms)[0m  [1mSELECT "movies".* FROM "movies" WHERE "movies"."rating" IN ('G', 'PG', 'PG-13', 'NC-17', 'R')[0m
  Rendered movies/index.html.haml within layouts/application (5.5ms)
Completed 200 OK in 28ms (Views: 25.6ms | ActiveRecord: 0.4ms)


Started GET "/assets/application.self.css?body=1" for ::1 at 2015-09-26 14:32:05 -0500


Started GET "/assets/jquery_ujs.self.js?body=1" for ::1 at 2015-09-26 14:32:05 -0500


Started GET "/assets/jquery.self.js?body=1" for ::1 at 2015-09-26 14:32:05 -0500


Started GET "/assets/application.self.js?body=1" for ::1 at 2015-09-26 14:32:05 -0500


Started GET "/movies/16" for ::1 at 2015-09-26 14:32:06 -0500
Processing by MoviesController#show as HTML
  Parameters: {"id"=>"16"}
  [1m[35mMovie Load (0.2ms)[0m  SELECT  "movies".* FROM "movies" WHERE "movies"."id" = ? LIMIT 1  [["id", 16]]
  Rendered movies/show.html.haml within layouts/application (2.6ms)
Completed 200 OK in 22ms (Views: 21.1ms | ActiveRecord: 0.2ms)


Started GET "/assets/application.self.css?body=1" for ::1 at 2015-09-26 14:32:06 -0500


Started GET "/assets/jquery.self.js?body=1" for ::1 at 2015-09-26 14:32:06 -0500


Started GET "/assets/application.self.js?body=1" for ::1 at 2015-09-26 14:32:06 -0500


Started GET "/assets/jquery_ujs.self.js?body=1" for ::1 at 2015-09-26 14:32:06 -0500


Started DELETE "/movies/16" for ::1 at 2015-09-26 14:32:08 -0500
Processing by MoviesController#destroy as HTML
  Parameters: {"authenticity_token"=>"tvHiEgT+8yhC8UNPMjb/CYiLaqvNFVQcUfcpk4hmNDyfBBrEwDdYMNqN+cRoArSMDM2Pm8gc61HQYcVT2EScrw==", "id"=>"16"}
  [1m[36mMovie Load (0.3ms)[0m  [1mSELECT  "movies".* FROM "movies" WHERE "movies"."id" = ? LIMIT 1[0m  [["id", 16]]
  [1m[35m (0.2ms)[0m  begin transaction
  [1m[36mSQL (0.5ms)[0m  [1mDELETE FROM "movies" WHERE "movies"."id" = ?[0m  [["id", 16]]
  [1m[35m (6.8ms)[0m  commit transaction
Redirected to http://localhost:3000/movies
Completed 302 Found in 13ms (ActiveRecord: 7.8ms)


Started GET "/movies" for ::1 at 2015-09-26 14:32:08 -0500
Processing by MoviesController#index as HTML
  [1m[36mMovie Load (0.6ms)[0m  [1mSELECT "movies".* FROM "movies" WHERE "movies"."rating" IN ('G', 'PG', 'PG-13', 'NC-17', 'R')[0m
  Rendered movies/index.html.haml within layouts/application (9.7ms)
Completed 200 OK in 34ms (Views: 31.9ms | ActiveRecord: 0.6ms)


Started GET "/assets/application.self.css?body=1" for ::1 at 2015-09-26 14:32:08 -0500


Started GET "/assets/jquery.self.js?body=1" for ::1 at 2015-09-26 14:32:08 -0500


Started GET "/assets/jquery_ujs.self.js?body=1" for ::1 at 2015-09-26 14:32:08 -0500


Started GET "/assets/application.self.js?body=1" for ::1 at 2015-09-26 14:32:08 -0500


Started GET "/movies/17" for ::1 at 2015-09-26 14:32:10 -0500
Processing by MoviesController#show as HTML
  Parameters: {"id"=>"17"}
  [1m[35mMovie Load (0.2ms)[0m  SELECT  "movies".* FROM "movies" WHERE "movies"."id" = ? LIMIT 1  [["id", 17]]
  Rendered movies/show.html.haml within layouts/application (1.8ms)
Completed 200 OK in 21ms (Views: 19.7ms | ActiveRecord: 0.2ms)


Started GET "/assets/application.self.css?body=1" for ::1 at 2015-09-26 14:32:10 -0500


Started GET "/assets/jquery_ujs.self.js?body=1" for ::1 at 2015-09-26 14:32:10 -0500


Started GET "/assets/application.self.js?body=1" for ::1 at 2015-09-26 14:32:10 -0500


Started GET "/assets/jquery.self.js?body=1" for ::1 at 2015-09-26 14:32:10 -0500


Started DELETE "/movies/17" for ::1 at 2015-09-26 14:32:11 -0500
Processing by MoviesController#destroy as HTML
  Parameters: {"authenticity_token"=>"WMl+o50+xwYbu3oZbQgdErVrUFCSswOU3P/L7V8RBW9xPIZ1WfdsHoPHwJI3PFaXMS21YJe6vNldaSctDzOt/A==", "id"=>"17"}
  [1m[36mMovie Load (0.2ms)[0m  [1mSELECT  "movies".* FROM "movies" WHERE "movies"."id" = ? LIMIT 1[0m  [["id", 17]]
  [1m[35m (0.1ms)[0m  begin transaction
  [1m[36mSQL (0.7ms)[0m  [1mDELETE FROM "movies" WHERE "movies"."id" = ?[0m  [["id", 17]]
  [1m[35m (4.0ms)[0m  commit transaction
Redirected to http://localhost:3000/movies
Completed 302 Found in 10ms (ActiveRecord: 5.0ms)


Started GET "/movies" for ::1 at 2015-09-26 14:32:11 -0500
Processing by MoviesController#index as HTML
  [1m[36mMovie Load (0.5ms)[0m  [1mSELECT "movies".* FROM "movies" WHERE "movies"."rating" IN ('G', 'PG', 'PG-13', 'NC-17', 'R')[0m
  Rendered movies/index.html.haml within layouts/application (5.1ms)
Completed 200 OK in 28ms (Views: 25.7ms | ActiveRecord: 0.5ms)


Started GET "/assets/application.self.css?body=1" for ::1 at 2015-09-26 14:32:11 -0500


Started GET "/assets/jquery.self.js?body=1" for ::1 at 2015-09-26 14:32:11 -0500


Started GET "/assets/application.self.js?body=1" for ::1 at 2015-09-26 14:32:11 -0500


Started GET "/assets/jquery_ujs.self.js?body=1" for ::1 at 2015-09-26 14:32:11 -0500


Started GET "/movies/18" for ::1 at 2015-09-26 14:32:12 -0500
Processing by MoviesController#show as HTML
  Parameters: {"id"=>"18"}
  [1m[35mMovie Load (0.3ms)[0m  SELECT  "movies".* FROM "movies" WHERE "movies"."id" = ? LIMIT 1  [["id", 18]]
  Rendered movies/show.html.haml within layouts/application (1.6ms)
Completed 200 OK in 21ms (Views: 18.6ms | ActiveRecord: 0.3ms)


Started GET "/assets/application.self.css?body=1" for ::1 at 2015-09-26 14:32:12 -0500


Started GET "/assets/jquery_ujs.self.js?body=1" for ::1 at 2015-09-26 14:32:12 -0500


Started GET "/assets/application.self.js?body=1" for ::1 at 2015-09-26 14:32:12 -0500


Started GET "/assets/jquery.self.js?body=1" for ::1 at 2015-09-26 14:32:12 -0500


Started DELETE "/movies/18" for ::1 at 2015-09-26 14:32:14 -0500
Processing by MoviesController#destroy as HTML
  Parameters: {"authenticity_token"=>"t7uoZstKq1H4Uu6e7m7rr/SwwXWp53cLmK3Ms1ot99qeTlCwD4MASWAuVBW0WqAqcPYkRazuyEYZOyBzCg9fSQ==", "id"=>"18"}
  [1m[36mMovie Load (0.3ms)[0m  [1mSELECT  "movies".* FROM "movies" WHERE "movies"."id" = ? LIMIT 1[0m  [["id", 18]]
  [1m[35m (0.1ms)[0m  begin transaction
  [1m[36mSQL (0.7ms)[0m  [1mDELETE FROM "movies" WHERE "movies"."id" = ?[0m  [["id", 18]]
  [1m[35m (5.2ms)[0m  commit transaction
Redirected to http://localhost:3000/movies
Completed 302 Found in 12ms (ActiveRecord: 6.3ms)


Started GET "/movies" for ::1 at 2015-09-26 14:32:14 -0500
Processing by MoviesController#index as HTML
  [1m[36mMovie Load (0.4ms)[0m  [1mSELECT "movies".* FROM "movies" WHERE "movies"."rating" IN ('G', 'PG', 'PG-13', 'NC-17', 'R')[0m
  Rendered movies/index.html.haml within layouts/application (4.1ms)
Completed 200 OK in 31ms (Views: 28.4ms | ActiveRecord: 0.4ms)


Started GET "/assets/application.self.css?body=1" for ::1 at 2015-09-26 14:32:14 -0500


Started GET "/assets/jquery_ujs.self.js?body=1" for ::1 at 2015-09-26 14:32:14 -0500


Started GET "/assets/application.self.js?body=1" for ::1 at 2015-09-26 14:32:14 -0500


Started GET "/assets/jquery.self.js?body=1" for ::1 at 2015-09-26 14:32:14 -0500


Started GET "/movies/19" for ::1 at 2015-09-26 14:32:15 -0500
Processing by MoviesController#show as HTML
  Parameters: {"id"=>"19"}
  [1m[35mMovie Load (0.2ms)[0m  SELECT  "movies".* FROM "movies" WHERE "movies"."id" = ? LIMIT 1  [["id", 19]]
  Rendered movies/show.html.haml within layouts/application (2.7ms)
Completed 200 OK in 23ms (Views: 21.6ms | ActiveRecord: 0.2ms)


Started GET "/assets/jquery.self.js?body=1" for ::1 at 2015-09-26 14:32:15 -0500


Started GET "/assets/application.self.css?body=1" for ::1 at 2015-09-26 14:32:15 -0500


Started GET "/assets/jquery_ujs.self.js?body=1" for ::1 at 2015-09-26 14:32:15 -0500


Started GET "/assets/application.self.js?body=1" for ::1 at 2015-09-26 14:32:15 -0500


Started DELETE "/movies/19" for ::1 at 2015-09-26 14:32:17 -0500
Processing by MoviesController#destroy as HTML
  Parameters: {"authenticity_token"=>"77Ys10je2wEh9h0jRafSDFHFsm2jX8CF4eCrWQ/tfjXGQ9QBjBdwGbmKp6gfk5mJ1YNXXaZWf8hgdkeZX8/Wpg==", "id"=>"19"}
  [1m[36mMovie Load (0.3ms)[0m  [1mSELECT  "movies".* FROM "movies" WHERE "movies"."id" = ? LIMIT 1[0m  [["id", 19]]
  [1m[35m (0.1ms)[0m  begin transaction
  [1m[36mSQL (0.4ms)[0m  [1mDELETE FROM "movies" WHERE "movies"."id" = ?[0m  [["id", 19]]
  [1m[35m (5.4ms)[0m  commit transaction
Redirected to http://localhost:3000/movies
Completed 302 Found in 11ms (ActiveRecord: 6.2ms)


Started GET "/movies" for ::1 at 2015-09-26 14:32:17 -0500
Processing by MoviesController#index as HTML
  [1m[36mMovie Load (0.5ms)[0m  [1mSELECT "movies".* FROM "movies" WHERE "movies"."rating" IN ('G', 'PG', 'PG-13', 'NC-17', 'R')[0m
  Rendered movies/index.html.haml within layouts/application (5.0ms)
Completed 200 OK in 28ms (Views: 26.6ms | ActiveRecord: 0.5ms)


Started GET "/assets/application.self.css?body=1" for ::1 at 2015-09-26 14:32:17 -0500


Started GET "/assets/jquery.self.js?body=1" for ::1 at 2015-09-26 14:32:17 -0500


Started GET "/assets/jquery_ujs.self.js?body=1" for ::1 at 2015-09-26 14:32:17 -0500


Started GET "/assets/application.self.js?body=1" for ::1 at 2015-09-26 14:32:17 -0500


Started GET "/movies/20" for ::1 at 2015-09-26 14:32:18 -0500
Processing by MoviesController#show as HTML
  Parameters: {"id"=>"20"}
  [1m[35mMovie Load (0.2ms)[0m  SELECT  "movies".* FROM "movies" WHERE "movies"."id" = ? LIMIT 1  [["id", 20]]
  Rendered movies/show.html.haml within layouts/application (1.9ms)
Completed 200 OK in 23ms (Views: 22.0ms | ActiveRecord: 0.2ms)


Started GET "/assets/jquery.self.js?body=1" for ::1 at 2015-09-26 14:32:18 -0500


Started GET "/assets/application.self.js?body=1" for ::1 at 2015-09-26 14:32:19 -0500


Started GET "/assets/jquery_ujs.self.js?body=1" for ::1 at 2015-09-26 14:32:19 -0500


Started GET "/assets/application.self.css?body=1" for ::1 at 2015-09-26 14:32:19 -0500


Started DELETE "/movies/20" for ::1 at 2015-09-26 14:32:20 -0500
Processing by MoviesController#destroy as HTML
  Parameters: {"authenticity_token"=>"jazuNq8Zw7qwu8acrpF8G+QZxvRFPlbP1aTPrfBD3d+kWRbga9BooijHfBf0pTeeYF8jxEA36YJUMiNtoGF1TA==", "id"=>"20"}
  [1m[36mMovie Load (0.2ms)[0m  [1mSELECT  "movies".* FROM "movies" WHERE "movies"."id" = ? LIMIT 1[0m  [["id", 20]]
  [1m[35m (0.1ms)[0m  begin transaction
  [1m[36mSQL (0.3ms)[0m  [1mDELETE FROM "movies" WHERE "movies"."id" = ?[0m  [["id", 20]]
  [1m[35m (4.8ms)[0m  commit transaction
Redirected to http://localhost:3000/movies
Completed 302 Found in 9ms (ActiveRecord: 5.5ms)


Started GET "/movies" for ::1 at 2015-09-26 14:32:20 -0500
Processing by MoviesController#index as HTML
  [1m[36mMovie Load (0.4ms)[0m  [1mSELECT "movies".* FROM "movies" WHERE "movies"."rating" IN ('G', 'PG', 'PG-13', 'NC-17', 'R')[0m
  Rendered movies/index.html.haml within layouts/application (4.6ms)
Completed 200 OK in 26ms (Views: 24.8ms | ActiveRecord: 0.4ms)


Started GET "/assets/application.self.css?body=1" for ::1 at 2015-09-26 14:32:20 -0500


Started GET "/assets/jquery.self.js?body=1" for ::1 at 2015-09-26 14:32:20 -0500


Started GET "/assets/jquery_ujs.self.js?body=1" for ::1 at 2015-09-26 14:32:20 -0500


Started GET "/assets/application.self.js?body=1" for ::1 at 2015-09-26 14:32:20 -0500


Started GET "/movies" for ::1 at 2015-09-26 14:32:36 -0500
Processing by MoviesController#index as HTML
  [1m[35mMovie Load (0.3ms)[0m  SELECT "movies".* FROM "movies" WHERE "movies"."rating" IN ('G', 'PG', 'PG-13', 'NC-17', 'R')
  Rendered movies/index.html.haml within layouts/application (4.8ms)
Completed 200 OK in 34ms (Views: 29.7ms | ActiveRecord: 0.3ms)


Started GET "/assets/application.self.css?body=1" for ::1 at 2015-09-26 14:32:36 -0500


Started GET "/assets/application.self.js?body=1" for ::1 at 2015-09-26 14:32:37 -0500


Started GET "/assets/jquery.self.js?body=1" for ::1 at 2015-09-26 14:32:37 -0500


Started GET "/assets/jquery_ujs.self.js?body=1" for ::1 at 2015-09-26 14:32:37 -0500
  [1m[36mActiveRecord::SchemaMigration Load (0.2ms)[0m  [1mSELECT "schema_migrations".* FROM "schema_migrations"[0m
  [1m[35m (0.2ms)[0m  begin transaction
  [1m[36mSQL (0.7ms)[0m  [1mINSERT INTO "movies" ("title", "rating", "release_date", "created_at", "updated_at") VALUES (?, ?, ?, ?, ?)[0m  [["title", "Aladdin"], ["rating", "G"], ["release_date", "1992-11-25 00:00:00.000000"], ["created_at", "2015-09-26 19:34:30.449727"], ["updated_at", "2015-09-26 19:34:30.449727"]]
  [1m[35m (5.1ms)[0m  commit transaction
  [1m[36m (0.1ms)[0m  [1mbegin transaction[0m
  [1m[35mSQL (0.4ms)[0m  INSERT INTO "movies" ("title", "rating", "release_date", "created_at", "updated_at") VALUES (?, ?, ?, ?, ?)  [["title", "The Terminator"], ["rating", "R"], ["release_date", "1984-10-26 00:00:00.000000"], ["created_at", "2015-09-26 19:34:30.463496"], ["updated_at", "2015-09-26 19:34:30.463496"]]
  [1m[36m (15.8ms)[0m  [1mcommit transaction[0m
  [1m[35m (0.1ms)[0m  begin transaction
  [1m[36mSQL (0.4ms)[0m  [1mINSERT INTO "movies" ("title", "rating", "release_date", "created_at", "updated_at") VALUES (?, ?, ?, ?, ?)[0m  [["title", "When Harry Met Sally"], ["rating", "R"], ["release_date", "1989-07-21 00:00:00.000000"], ["created_at", "2015-09-26 19:34:30.482337"], ["updated_at", "2015-09-26 19:34:30.482337"]]
  [1m[35m (120.1ms)[0m  commit transaction
  [1m[36m (0.1ms)[0m  [1mbegin transaction[0m
  [1m[35mSQL (0.3ms)[0m  INSERT INTO "movies" ("title", "rating", "release_date", "created_at", "updated_at") VALUES (?, ?, ?, ?, ?)  [["title", "The Help"], ["rating", "PG-13"], ["release_date", "2011-08-10 00:00:00.000000"], ["created_at", "2015-09-26 19:34:30.605075"], ["updated_at", "2015-09-26 19:34:30.605075"]]
  [1m[36m (21.4ms)[0m  [1mcommit transaction[0m
  [1m[35m (0.1ms)[0m  begin transaction
  [1m[36mSQL (0.3ms)[0m  [1mINSERT INTO "movies" ("title", "rating", "release_date", "created_at", "updated_at") VALUES (?, ?, ?, ?, ?)[0m  [["title", "Chocolat"], ["rating", "PG-13"], ["release_date", "2001-01-05 00:00:00.000000"], ["created_at", "2015-09-26 19:34:30.628722"], ["updated_at", "2015-09-26 19:34:30.628722"]]
  [1m[35m (4.7ms)[0m  commit transaction
  [1m[36m (0.1ms)[0m  [1mbegin transaction[0m
  [1m[35mSQL (0.5ms)[0m  INSERT INTO "movies" ("title", "rating", "release_date", "created_at", "updated_at") VALUES (?, ?, ?, ?, ?)  [["title", "Amelie"], ["rating", "R"], ["release_date", "2001-04-25 00:00:00.000000"], ["created_at", "2015-09-26 19:34:30.636640"], ["updated_at", "2015-09-26 19:34:30.636640"]]
  [1m[36m (5.7ms)[0m  [1mcommit transaction[0m
  [1m[35m (0.1ms)[0m  begin transaction
  [1m[36mSQL (0.5ms)[0m  [1mINSERT INTO "movies" ("title", "rating", "release_date", "created_at", "updated_at") VALUES (?, ?, ?, ?, ?)[0m  [["title", "2001: A Space Odyssey"], ["rating", "G"], ["release_date", "1968-04-06 00:00:00.000000"], ["created_at", "2015-09-26 19:34:30.645920"], ["updated_at", "2015-09-26 19:34:30.645920"]]
  [1m[35m (4.0ms)[0m  commit transaction
  [1m[36m (0.1ms)[0m  [1mbegin transaction[0m
  [1m[35mSQL (0.6ms)[0m  INSERT INTO "movies" ("title", "rating", "release_date", "created_at", "updated_at") VALUES (?, ?, ?, ?, ?)  [["title", "The Incredibles"], ["rating", "PG"], ["release_date", "2004-11-05 00:00:00.000000"], ["created_at", "2015-09-26 19:34:30.653203"], ["updated_at", "2015-09-26 19:34:30.653203"]]
  [1m[36m (4.1ms)[0m  [1mcommit transaction[0m
  [1m[35m (0.1ms)[0m  begin transaction
  [1m[36mSQL (0.4ms)[0m  [1mINSERT INTO "movies" ("title", "rating", "release_date", "created_at", "updated_at") VALUES (?, ?, ?, ?, ?)[0m  [["title", "Raiders of the Lost Ark"], ["rating", "PG"], ["release_date", "1981-06-12 00:00:00.000000"], ["created_at", "2015-09-26 19:34:30.660460"], ["updated_at", "2015-09-26 19:34:30.660460"]]
  [1m[35m (5.0ms)[0m  commit transaction
  [1m[36m (0.1ms)[0m  [1mbegin transaction[0m
  [1m[35mSQL (0.5ms)[0m  INSERT INTO "movies" ("title", "rating", "release_date", "created_at", "updated_at") VALUES (?, ?, ?, ?, ?)  [["title", "Chicken Run"], ["rating", "G"], ["release_date", "2000-06-21 00:00:00.000000"], ["created_at", "2015-09-26 19:34:30.669116"], ["updated_at", "2015-09-26 19:34:30.669116"]]
  [1m[36m (5.5ms)[0m  [1mcommit transaction[0m


Started GET "/movies" for ::1 at 2015-09-26 14:34:36 -0500
Processing by MoviesController#index as HTML
  [1m[36mMovie Load (0.6ms)[0m  [1mSELECT "movies".* FROM "movies" WHERE "movies"."rating" IN ('G', 'PG', 'PG-13', 'NC-17', 'R')[0m
  Rendered movies/index.html.haml within layouts/application (13.0ms)
Completed 200 OK in 86ms (Views: 83.2ms | ActiveRecord: 0.6ms)


Started GET "/assets/application.self.css?body=1" for ::1 at 2015-09-26 14:34:36 -0500


Started GET "/assets/jquery.self.js?body=1" for ::1 at 2015-09-26 14:34:36 -0500


Started GET "/assets/jquery_ujs.self.js?body=1" for ::1 at 2015-09-26 14:34:36 -0500


Started GET "/assets/application.self.js?body=1" for ::1 at 2015-09-26 14:34:36 -0500


Started GET "/movies" for ::1 at 2015-09-26 14:41:01 -0500
Processing by MoviesController#index as HTML
  [1m[35mMovie Load (0.4ms)[0m  SELECT "movies".* FROM "movies" WHERE "movies"."rating" IN ('G', 'PG', 'PG-13', 'NC-17', 'R')
  Rendered movies/index.html.haml within layouts/application (6.5ms)
Completed 200 OK in 43ms (Views: 40.4ms | ActiveRecord: 0.4ms)


Started GET "/assets/application.self.css?body=1" for ::1 at 2015-09-26 14:41:01 -0500


Started GET "/assets/application.self.js?body=1" for ::1 at 2015-09-26 14:41:01 -0500


Started GET "/assets/jquery_ujs.self.js?body=1" for ::1 at 2015-09-26 14:41:01 -0500


Started GET "/assets/jquery.self.js?body=1" for ::1 at 2015-09-26 14:41:01 -0500


Started GET "/movies?utf8=%E2%9C%93&ratings%5BG%5D=1&ratings%5BPG%5D=1&ratings%5BNC-17%5D=1&ratings%5BR%5D=1&commit=Refresh" for ::1 at 2015-09-26 14:41:05 -0500
Processing by MoviesController#index as HTML
  Parameters: {"utf8"=>"✓", "ratings"=>{"G"=>"1", "PG"=>"1", "NC-17"=>"1", "R"=>"1"}, "commit"=>"Refresh"}
Redirected to http://localhost:3000/movies?ratings%5BG%5D=1&ratings%5BNC-17%5D=1&ratings%5BPG%5D=1&ratings%5BR%5D=1
Completed 302 Found in 3ms (ActiveRecord: 0.0ms)


Started GET "/movies?ratings%5BG%5D=1&ratings%5BNC-17%5D=1&ratings%5BPG%5D=1&ratings%5BR%5D=1" for ::1 at 2015-09-26 14:41:05 -0500
Processing by MoviesController#index as HTML
  Parameters: {"ratings"=>{"G"=>"1", "NC-17"=>"1", "PG"=>"1", "R"=>"1"}}
  [1m[36mMovie Load (0.5ms)[0m  [1mSELECT "movies".* FROM "movies" WHERE "movies"."rating" IN ('G', 'NC-17', 'PG', 'R')[0m
  Rendered movies/index.html.haml within layouts/application (7.9ms)
Completed 200 OK in 36ms (Views: 33.5ms | ActiveRecord: 0.5ms)


Started GET "/assets/application.self.css?body=1" for ::1 at 2015-09-26 14:41:05 -0500


Started GET "/assets/jquery_ujs.self.js?body=1" for ::1 at 2015-09-26 14:41:05 -0500


Started GET "/assets/application.self.js?body=1" for ::1 at 2015-09-26 14:41:05 -0500


Started GET "/assets/jquery.self.js?body=1" for ::1 at 2015-09-26 14:41:05 -0500


Started GET "/movies?utf8=%E2%9C%93&ratings%5BG%5D=1&ratings%5BPG%5D=1&ratings%5BPG-13%5D=1&ratings%5BNC-17%5D=1&ratings%5BR%5D=1&commit=Refresh" for ::1 at 2015-09-26 14:41:08 -0500
Processing by MoviesController#index as HTML
  Parameters: {"utf8"=>"✓", "ratings"=>{"G"=>"1", "PG"=>"1", "PG-13"=>"1", "NC-17"=>"1", "R"=>"1"}, "commit"=>"Refresh"}
Redirected to http://localhost:3000/movies?ratings%5BG%5D=1&ratings%5BNC-17%5D=1&ratings%5BPG%5D=1&ratings%5BPG-13%5D=1&ratings%5BR%5D=1
Completed 302 Found in 5ms (ActiveRecord: 0.0ms)


Started GET "/movies?ratings%5BG%5D=1&ratings%5BNC-17%5D=1&ratings%5BPG%5D=1&ratings%5BPG-13%5D=1&ratings%5BR%5D=1" for ::1 at 2015-09-26 14:41:08 -0500
Processing by MoviesController#index as HTML
  Parameters: {"ratings"=>{"G"=>"1", "NC-17"=>"1", "PG"=>"1", "PG-13"=>"1", "R"=>"1"}}
  [1m[35mMovie Load (0.4ms)[0m  SELECT "movies".* FROM "movies" WHERE "movies"."rating" IN ('G', 'NC-17', 'PG', 'PG-13', 'R')
  Rendered movies/index.html.haml within layouts/application (7.0ms)
Completed 200 OK in 34ms (Views: 32.2ms | ActiveRecord: 0.4ms)


Started GET "/assets/jquery.self.js?body=1" for ::1 at 2015-09-26 14:41:08 -0500


Started GET "/assets/application.self.css?body=1" for ::1 at 2015-09-26 14:41:08 -0500


Started GET "/assets/jquery_ujs.self.js?body=1" for ::1 at 2015-09-26 14:41:08 -0500


Started GET "/assets/application.self.js?body=1" for ::1 at 2015-09-26 14:41:08 -0500
  [1m[36mActiveRecord::SchemaMigration Load (0.1ms)[0m  [1mSELECT "schema_migrations".* FROM "schema_migrations"[0m
  [1m[35mActiveRecord::SchemaMigration Load (0.2ms)[0m  SELECT "schema_migrations".* FROM "schema_migrations"


Started GET "/movies?ratings%5BG%5D=1&ratings%5BNC-17%5D=1&ratings%5BPG%5D=1&ratings%5BPG-13%5D=1&ratings%5BR%5D=1" for ::1 at 2015-09-26 14:41:52 -0500
Processing by MoviesController#index as HTML
  Parameters: {"ratings"=>{"G"=>"1", "NC-17"=>"1", "PG"=>"1", "PG-13"=>"1", "R"=>"1"}}
  [1m[36mMovie Load (0.3ms)[0m  [1mSELECT "movies".* FROM "movies" WHERE "movies"."rating" IN ('G', 'NC-17', 'PG', 'PG-13', 'R')[0m
  Rendered movies/index.html.haml within layouts/application (24.3ms)
Completed 200 OK in 65ms (Views: 51.1ms | ActiveRecord: 1.1ms)


Started GET "/assets/application.self.css?body=1" for ::1 at 2015-09-26 14:41:52 -0500


Started GET "/assets/jquery.self.js?body=1" for ::1 at 2015-09-26 14:41:52 -0500


Started GET "/assets/jquery_ujs.self.js?body=1" for ::1 at 2015-09-26 14:41:52 -0500


Started GET "/assets/application.self.js?body=1" for ::1 at 2015-09-26 14:41:52 -0500


Started GET "/movies?ratings%5BG%5D=1&ratings%5BNC-17%5D=1&ratings%5BPG%5D=1&ratings%5BPG-13%5D=1&ratings%5BR%5D=1&sort=title" for ::1 at 2015-09-26 14:41:57 -0500
Processing by MoviesController#index as HTML
  Parameters: {"ratings"=>{"G"=>"1", "NC-17"=>"1", "PG"=>"1", "PG-13"=>"1", "R"=>"1"}, "sort"=>"title"}
Redirected to http://localhost:3000/movies?ratings%5BG%5D=1&ratings%5BNC-17%5D=1&ratings%5BPG%5D=1&ratings%5BPG-13%5D=1&ratings%5BR%5D=1&sort=title
Completed 302 Found in 2ms (ActiveRecord: 0.0ms)


Started GET "/movies?ratings%5BG%5D=1&ratings%5BNC-17%5D=1&ratings%5BPG%5D=1&ratings%5BPG-13%5D=1&ratings%5BR%5D=1&sort=title" for ::1 at 2015-09-26 14:41:57 -0500
Processing by MoviesController#index as HTML
  Parameters: {"ratings"=>{"G"=>"1", "NC-17"=>"1", "PG"=>"1", "PG-13"=>"1", "R"=>"1"}, "sort"=>"title"}
  [1m[35mMovie Load (0.4ms)[0m  SELECT "movies".* FROM "movies" WHERE "movies"."rating" IN ('G', 'NC-17', 'PG', 'PG-13', 'R')  ORDER BY "movies"."title" ASC
  Rendered movies/index.html.haml within layouts/application (6.2ms)
Completed 200 OK in 31ms (Views: 27.6ms | ActiveRecord: 0.4ms)


Started GET "/assets/application.self.css?body=1" for ::1 at 2015-09-26 14:41:57 -0500


Started GET "/assets/jquery_ujs.self.js?body=1" for ::1 at 2015-09-26 14:41:57 -0500


Started GET "/assets/jquery.self.js?body=1" for ::1 at 2015-09-26 14:41:57 -0500


Started GET "/assets/application.self.js?body=1" for ::1 at 2015-09-26 14:41:57 -0500


Started GET "/movies?ratings%5BG%5D=1&ratings%5BNC-17%5D=1&ratings%5BPG%5D=1&ratings%5BPG-13%5D=1&ratings%5BR%5D=1&sort=title" for ::1 at 2015-09-26 14:41:58 -0500
Processing by MoviesController#index as HTML
  Parameters: {"ratings"=>{"G"=>"1", "NC-17"=>"1", "PG"=>"1", "PG-13"=>"1", "R"=>"1"}, "sort"=>"title"}
  [1m[36mMovie Load (0.4ms)[0m  [1mSELECT "movies".* FROM "movies" WHERE "movies"."rating" IN ('G', 'NC-17', 'PG', 'PG-13', 'R')  ORDER BY "movies"."title" ASC[0m
  Rendered movies/index.html.haml within layouts/application (6.9ms)
Completed 200 OK in 32ms (Views: 30.2ms | ActiveRecord: 0.4ms)


Started GET "/assets/application.self.css?body=1" for ::1 at 2015-09-26 14:41:58 -0500


Started GET "/assets/jquery.self.js?body=1" for ::1 at 2015-09-26 14:41:58 -0500


Started GET "/assets/jquery_ujs.self.js?body=1" for ::1 at 2015-09-26 14:41:58 -0500


Started GET "/assets/application.self.js?body=1" for ::1 at 2015-09-26 14:41:58 -0500


Started GET "/assets/rails.png" for ::1 at 2015-09-26 17:16:11 -0500


Started GET "/movies" for ::1 at 2015-09-26 17:16:13 -0500
Processing by MoviesController#index as HTML
  [1m[36mMovie Load (0.9ms)[0m  [1mSELECT "movies".* FROM "movies" WHERE "movies"."rating" IN ('G', 'PG', 'PG-13', 'NC-17', 'R')[0m
  Rendered movies/index.html.haml within layouts/application (40.6ms)
Completed 200 OK in 358ms (Views: 307.7ms | ActiveRecord: 4.0ms)


Started GET "/assets/application.self.css?body=1" for ::1 at 2015-09-26 17:16:13 -0500


Started GET "/assets/jquery.self.js?body=1" for ::1 at 2015-09-26 17:16:13 -0500


Started GET "/assets/jquery_ujs.self.js?body=1" for ::1 at 2015-09-26 17:16:13 -0500


Started GET "/assets/application.self.js?body=1" for ::1 at 2015-09-26 17:16:13 -0500
